# Logfile created on Mon May 19 23:51:28 +0200 2008

Processing HomeController#show (for 127.0.0.1 at 2008-05-19 23:51:32) [GET]
  Session ID: 65fabe273fd3fc4169f1e4d007fb13fa
  Parameters: {"action"=>"show", "controller"=>"home"}
  [4;36;1mSaying Columns (0.042635)[0m   [0;1mSHOW FIELDS FROM `sayings`[0m
  [4;35;1mLeftSentence Columns (0.013208)[0m   [0mSHOW FIELDS FROM `sentences`[0m
  [4;36;1mRightSentence Columns (0.001884)[0m   [0;1mSHOW FIELDS FROM `sentences`[0m
  [4;35;1mSaying Load Including Associations (1.471281)[0m   [0mSELECT `sayings`.`id` AS t0_r0, `sayings`.`left_sentence_id` AS t0_r1, `sayings`.`right_sentence_id` AS t0_r2, `sayings`.`language` AS t0_r3, `sayings`.`views` AS t0_r4, `sayings`.`good` AS t0_r5, `sayings`.`bad` AS t0_r6, `sayings`.`senseless` AS t0_r7, `sayings`.`spam` AS t0_r8, `sayings`.`created_at` AS t0_r9, `sayings`.`updated_at` AS t0_r10, `sentences`.`id` AS t1_r0, `sentences`.`left` AS t1_r1, `sentences`.`right` AS t1_r2, `sentences`.`language` AS t1_r3, `sentences`.`fb_user_id` AS t1_r4, `sentences`.`created_at` AS t1_r5, `sentences`.`updated_at` AS t1_r6, `right_sentences_sayings`.`id` AS t2_r0, `right_sentences_sayings`.`left` AS t2_r1, `right_sentences_sayings`.`right` AS t2_r2, `right_sentences_sayings`.`language` AS t2_r3, `right_sentences_sayings`.`fb_user_id` AS t2_r4, `right_sentences_sayings`.`created_at` AS t2_r5, `right_sentences_sayings`.`updated_at` AS t2_r6 FROM `sayings` LEFT OUTER JOIN `sentences` ON `sentences`.id = `sayings`.left_sentence_id LEFT OUTER JOIN `sentences` right_sentences_sayings ON `right_sentences_sayings`.id = `sayings`.right_sentence_id WHERE (`sayings`.`language` = 'de') ORDER BY (good * 10) + (bad * -9) + (spam * -20) + (views * -1) + (senseless * -15), RAND() LIMIT 100[0m
Rendering home/show
Completed in 1.56354 (0 reqs/sec) | Rendering: 0.00275 (0%) | DB: 1.52901 (97%) | 200 OK [http://localhost/]


Processing HomeController#show (for 127.0.0.1 at 2008-05-19 23:54:08) [GET]
  Session ID: 65fabe273fd3fc4169f1e4d007fb13fa
  Parameters: {"action"=>"show", "controller"=>"home"}
  [4;36;1mSaying Columns (0.002976)[0m   [0;1mSHOW FIELDS FROM `sayings`[0m
  [4;35;1mLeftSentence Columns (0.002937)[0m   [0mSHOW FIELDS FROM `sentences`[0m
  [4;36;1mRightSentence Columns (0.001606)[0m   [0;1mSHOW FIELDS FROM `sentences`[0m
  [4;35;1mSaying Load Including Associations (0.945411)[0m   [0mSELECT `sayings`.`id` AS t0_r0, `sayings`.`left_sentence_id` AS t0_r1, `sayings`.`right_sentence_id` AS t0_r2, `sayings`.`language` AS t0_r3, `sayings`.`views` AS t0_r4, `sayings`.`good` AS t0_r5, `sayings`.`bad` AS t0_r6, `sayings`.`senseless` AS t0_r7, `sayings`.`spam` AS t0_r8, `sayings`.`created_at` AS t0_r9, `sayings`.`updated_at` AS t0_r10, `sentences`.`id` AS t1_r0, `sentences`.`left` AS t1_r1, `sentences`.`right` AS t1_r2, `sentences`.`language` AS t1_r3, `sentences`.`fb_user_id` AS t1_r4, `sentences`.`created_at` AS t1_r5, `sentences`.`updated_at` AS t1_r6, `right_sentences_sayings`.`id` AS t2_r0, `right_sentences_sayings`.`left` AS t2_r1, `right_sentences_sayings`.`right` AS t2_r2, `right_sentences_sayings`.`language` AS t2_r3, `right_sentences_sayings`.`fb_user_id` AS t2_r4, `right_sentences_sayings`.`created_at` AS t2_r5, `right_sentences_sayings`.`updated_at` AS t2_r6 FROM `sayings` LEFT OUTER JOIN `sentences` ON `sentences`.id = `sayings`.left_sentence_id LEFT OUTER JOIN `sentences` right_sentences_sayings ON `right_sentences_sayings`.id = `sayings`.right_sentence_id WHERE (`sayings`.`language` = 'de') ORDER BY (good * 10) + (bad * -9) + (spam * -20) + (views * -1) + (senseless * -15), RAND() LIMIT 100[0m
Rendering home/show
Completed in 0.98096 (1 reqs/sec) | Rendering: 0.00248 (0%) | DB: 0.95293 (97%) | 200 OK [http://localhost/]


Processing HomeController#index (for 127.0.0.1 at 2008-05-20 01:54:10) [GET]
  Session ID: 65fabe273fd3fc4169f1e4d007fb13fa
  Parameters: {"action"=>"index", "controller"=>"home"}
Rendering home/index
Completed in 0.00580 (172 reqs/sec) | Rendering: 0.00222 (38%) | DB: 0.00000 (0%) | 200 OK [http://localhost/]


Processing ApplicationController#index (for 127.0.0.1 at 2008-05-20 01:54:14) [GET]
  Session ID: 65fabe273fd3fc4169f1e4d007fb13fa
  Parameters: {}


ActionController::RoutingError (No route matches "/show" with {:method=>:get, :canvas=>false}):
    /Library/Ruby/Gems/1.8/gems/actionpack-2.0.2/lib/action_controller/routing.rb:1441:in `recognize_path'
    /Library/Ruby/Gems/1.8/gems/actionpack-2.0.2/lib/action_controller/routing.rb:1424:in `recognize'
    /Library/Ruby/Gems/1.8/gems/actionpack-2.0.2/lib/action_controller/dispatcher.rb:170:in `handle_request'
    /Library/Ruby/Gems/1.8/gems/actionpack-2.0.2/lib/action_controller/dispatcher.rb:115:in `dispatch'
    /Library/Ruby/Gems/1.8/gems/actionpack-2.0.2/lib/action_controller/dispatcher.rb:126:in `dispatch_cgi'
    /Library/Ruby/Gems/1.8/gems/actionpack-2.0.2/lib/action_controller/dispatcher.rb:9:in `dispatch'
    /Library/Ruby/Gems/1.8/gems/mongrel-1.1.4/bin/../lib/mongrel/rails.rb:76:in `process'
    /Library/Ruby/Gems/1.8/gems/mongrel-1.1.4/bin/../lib/mongrel/rails.rb:74:in `synchronize'
    /Library/Ruby/Gems/1.8/gems/mongrel-1.1.4/bin/../lib/mongrel/rails.rb:74:in `process'
    /Library/Ruby/Gems/1.8/gems/mongrel-1.1.4/lib/mongrel.rb:159:in `process_client'
    /Library/Ruby/Gems/1.8/gems/mongrel-1.1.4/lib/mongrel.rb:158:in `each'
    /Library/Ruby/Gems/1.8/gems/mongrel-1.1.4/lib/mongrel.rb:158:in `process_client'
    /Library/Ruby/Gems/1.8/gems/mongrel-1.1.4/lib/mongrel.rb:285:in `run'
    /Library/Ruby/Gems/1.8/gems/mongrel-1.1.4/lib/mongrel.rb:285:in `initialize'
    /Library/Ruby/Gems/1.8/gems/mongrel-1.1.4/lib/mongrel.rb:285:in `new'
    /Library/Ruby/Gems/1.8/gems/mongrel-1.1.4/lib/mongrel.rb:285:in `run'
    /Library/Ruby/Gems/1.8/gems/mongrel-1.1.4/lib/mongrel.rb:268:in `initialize'
    /Library/Ruby/Gems/1.8/gems/mongrel-1.1.4/lib/mongrel.rb:268:in `new'
    /Library/Ruby/Gems/1.8/gems/mongrel-1.1.4/lib/mongrel.rb:268:in `run'
    /Library/Ruby/Gems/1.8/gems/mongrel-1.1.4/lib/mongrel/configurator.rb:282:in `run'
    /Library/Ruby/Gems/1.8/gems/mongrel-1.1.4/lib/mongrel/configurator.rb:281:in `each'
    /Library/Ruby/Gems/1.8/gems/mongrel-1.1.4/lib/mongrel/configurator.rb:281:in `run'
    /Library/Ruby/Gems/1.8/gems/mongrel-1.1.4/bin/mongrel_rails:128:in `run'
    /Library/Ruby/Gems/1.8/gems/mongrel-1.1.4/lib/mongrel/command.rb:212:in `run'
    /Library/Ruby/Gems/1.8/gems/mongrel-1.1.4/bin/mongrel_rails:281
    /Library/Ruby/Gems/1.8/gems/activesupport-2.0.2/lib/active_support/dependencies.rb:489:in `load'
    /Library/Ruby/Gems/1.8/gems/activesupport-2.0.2/lib/active_support/dependencies.rb:489:in `load'
    /Library/Ruby/Gems/1.8/gems/activesupport-2.0.2/lib/active_support/dependencies.rb:342:in `new_constants_in'
    /Library/Ruby/Gems/1.8/gems/activesupport-2.0.2/lib/active_support/dependencies.rb:489:in `load'
    /Library/Ruby/Gems/1.8/gems/rails-2.0.2/lib/commands/servers/mongrel.rb:64
    /Library/Ruby/Site/1.8/rubygems/custom_require.rb:27:in `gem_original_require'
    /Library/Ruby/Site/1.8/rubygems/custom_require.rb:27:in `require'
    /Library/Ruby/Gems/1.8/gems/activesupport-2.0.2/lib/active_support/dependencies.rb:496:in `require'
    /Library/Ruby/Gems/1.8/gems/activesupport-2.0.2/lib/active_support/dependencies.rb:342:in `new_constants_in'
    /Library/Ruby/Gems/1.8/gems/activesupport-2.0.2/lib/active_support/dependencies.rb:496:in `require'
    /Library/Ruby/Gems/1.8/gems/rails-2.0.2/lib/commands/server.rb:39
    /Library/Ruby/Site/1.8/rubygems/custom_require.rb:27:in `gem_original_require'
    /Library/Ruby/Site/1.8/rubygems/custom_require.rb:27:in `require'
    script/server:3

Rendering /Library/Ruby/Gems/1.8/gems/actionpack-2.0.2/lib/action_controller/templates/rescues/layout.erb (not_found)


Processing HomeController#show (for 127.0.0.1 at 2008-05-20 01:54:28) [GET]
  Session ID: 65fabe273fd3fc4169f1e4d007fb13fa
  Parameters: {"action"=>"show", "controller"=>"home"}
  [4;36;1mSaying Columns (0.003029)[0m   [0;1mSHOW FIELDS FROM `sayings`[0m
  [4;35;1mLeftSentence Columns (0.002286)[0m   [0mSHOW FIELDS FROM `sentences`[0m
  [4;36;1mRightSentence Columns (0.001909)[0m   [0;1mSHOW FIELDS FROM `sentences`[0m
  [4;35;1mSaying Load Including Associations (1.365024)[0m   [0mSELECT `sayings`.`id` AS t0_r0, `sayings`.`left_sentence_id` AS t0_r1, `sayings`.`right_sentence_id` AS t0_r2, `sayings`.`language` AS t0_r3, `sayings`.`views` AS t0_r4, `sayings`.`good` AS t0_r5, `sayings`.`bad` AS t0_r6, `sayings`.`senseless` AS t0_r7, `sayings`.`spam` AS t0_r8, `sayings`.`created_at` AS t0_r9, `sayings`.`updated_at` AS t0_r10, `sentences`.`id` AS t1_r0, `sentences`.`left` AS t1_r1, `sentences`.`right` AS t1_r2, `sentences`.`language` AS t1_r3, `sentences`.`fb_user_id` AS t1_r4, `sentences`.`created_at` AS t1_r5, `sentences`.`updated_at` AS t1_r6, `right_sentences_sayings`.`id` AS t2_r0, `right_sentences_sayings`.`left` AS t2_r1, `right_sentences_sayings`.`right` AS t2_r2, `right_sentences_sayings`.`language` AS t2_r3, `right_sentences_sayings`.`fb_user_id` AS t2_r4, `right_sentences_sayings`.`created_at` AS t2_r5, `right_sentences_sayings`.`updated_at` AS t2_r6 FROM `sayings` LEFT OUTER JOIN `sentences` ON `sentences`.id = `sayings`.left_sentence_id LEFT OUTER JOIN `sentences` right_sentences_sayings ON `right_sentences_sayings`.id = `sayings`.right_sentence_id WHERE (`sayings`.`language` = 'de') ORDER BY (good * 10) + (bad * -9) + (spam * -20) + (views * -1) + (senseless * -15), RAND() LIMIT 100[0m
Rendering home/show
Completed in 1.41992 (0 reqs/sec) | Rendering: 0.00327 (0%) | DB: 1.37225 (96%) | 200 OK [http://localhost/show]


Processing HomeController#show (for 127.0.0.1 at 2008-05-20 01:54:56) [GET]
  Session ID: 65fabe273fd3fc4169f1e4d007fb13fa
  Parameters: {"action"=>"show", "controller"=>"home"}
  [4;36;1mSaying Columns (0.003150)[0m   [0;1mSHOW FIELDS FROM `sayings`[0m
  [4;35;1mLeftSentence Columns (0.001966)[0m   [0mSHOW FIELDS FROM `sentences`[0m
  [4;36;1mRightSentence Columns (0.001852)[0m   [0;1mSHOW FIELDS FROM `sentences`[0m
  [4;35;1mSaying Load Including Associations (1.186662)[0m   [0mSELECT `sayings`.`id` AS t0_r0, `sayings`.`left_sentence_id` AS t0_r1, `sayings`.`right_sentence_id` AS t0_r2, `sayings`.`language` AS t0_r3, `sayings`.`views` AS t0_r4, `sayings`.`good` AS t0_r5, `sayings`.`bad` AS t0_r6, `sayings`.`senseless` AS t0_r7, `sayings`.`spam` AS t0_r8, `sayings`.`created_at` AS t0_r9, `sayings`.`updated_at` AS t0_r10, `sentences`.`id` AS t1_r0, `sentences`.`left` AS t1_r1, `sentences`.`right` AS t1_r2, `sentences`.`language` AS t1_r3, `sentences`.`fb_user_id` AS t1_r4, `sentences`.`created_at` AS t1_r5, `sentences`.`updated_at` AS t1_r6, `right_sentences_sayings`.`id` AS t2_r0, `right_sentences_sayings`.`left` AS t2_r1, `right_sentences_sayings`.`right` AS t2_r2, `right_sentences_sayings`.`language` AS t2_r3, `right_sentences_sayings`.`fb_user_id` AS t2_r4, `right_sentences_sayings`.`created_at` AS t2_r5, `right_sentences_sayings`.`updated_at` AS t2_r6 FROM `sayings` LEFT OUTER JOIN `sentences` ON `sentences`.id = `sayings`.left_sentence_id LEFT OUTER JOIN `sentences` right_sentences_sayings ON `right_sentences_sayings`.id = `sayings`.right_sentence_id WHERE (`sayings`.`language` = 'de') ORDER BY (good * 10) + (bad * -9) + (spam * -20) + (views * -1) + (senseless * -15), RAND() LIMIT 100[0m
Rendering home/show
Completed in 1.22151 (0 reqs/sec) | Rendering: 0.00231 (0%) | DB: 1.19363 (97%) | 200 OK [http://localhost/show]


Processing HomeController#show (for 127.0.0.1 at 2008-05-20 01:55:15) [GET]
  Session ID: 65fabe273fd3fc4169f1e4d007fb13fa
  Parameters: {"action"=>"show", "controller"=>"home"}
  [4;36;1mSaying Columns (0.002692)[0m   [0;1mSHOW FIELDS FROM `sayings`[0m
  [4;35;1mLeftSentence Columns (0.003484)[0m   [0mSHOW FIELDS FROM `sentences`[0m
  [4;36;1mRightSentence Columns (0.002298)[0m   [0;1mSHOW FIELDS FROM `sentences`[0m
  [4;35;1mSaying Load Including Associations (1.191968)[0m   [0mSELECT `sayings`.`id` AS t0_r0, `sayings`.`left_sentence_id` AS t0_r1, `sayings`.`right_sentence_id` AS t0_r2, `sayings`.`language` AS t0_r3, `sayings`.`views` AS t0_r4, `sayings`.`good` AS t0_r5, `sayings`.`bad` AS t0_r6, `sayings`.`senseless` AS t0_r7, `sayings`.`spam` AS t0_r8, `sayings`.`created_at` AS t0_r9, `sayings`.`updated_at` AS t0_r10, `sentences`.`id` AS t1_r0, `sentences`.`left` AS t1_r1, `sentences`.`right` AS t1_r2, `sentences`.`language` AS t1_r3, `sentences`.`fb_user_id` AS t1_r4, `sentences`.`created_at` AS t1_r5, `sentences`.`updated_at` AS t1_r6, `right_sentences_sayings`.`id` AS t2_r0, `right_sentences_sayings`.`left` AS t2_r1, `right_sentences_sayings`.`right` AS t2_r2, `right_sentences_sayings`.`language` AS t2_r3, `right_sentences_sayings`.`fb_user_id` AS t2_r4, `right_sentences_sayings`.`created_at` AS t2_r5, `right_sentences_sayings`.`updated_at` AS t2_r6 FROM `sayings` LEFT OUTER JOIN `sentences` ON `sentences`.id = `sayings`.left_sentence_id LEFT OUTER JOIN `sentences` right_sentences_sayings ON `right_sentences_sayings`.id = `sayings`.right_sentence_id WHERE (`sayings`.`language` = 'de') ORDER BY (senseless * -15) + (good * 10) + (bad * -9) + (spam * -20) + (views * -1), RAND() LIMIT 100[0m
Rendering home/show
Completed in 1.23699 (0 reqs/sec) | Rendering: 0.00392 (0%) | DB: 1.20044 (97%) | 200 OK [http://localhost/show]


Processing HomeController#show (for 127.0.0.1 at 2008-05-20 01:55:18) [GET]
  Session ID: 65fabe273fd3fc4169f1e4d007fb13fa
  Parameters: {"action"=>"show", "controller"=>"home"}
  [4;36;1mSaying Columns (0.002093)[0m   [0;1mSHOW FIELDS FROM `sayings`[0m
  [4;35;1mLeftSentence Columns (0.002752)[0m   [0mSHOW FIELDS FROM `sentences`[0m
  [4;36;1mRightSentence Columns (0.001835)[0m   [0;1mSHOW FIELDS FROM `sentences`[0m
  [4;35;1mSaying Load Including Associations (1.217278)[0m   [0mSELECT `sayings`.`id` AS t0_r0, `sayings`.`left_sentence_id` AS t0_r1, `sayings`.`right_sentence_id` AS t0_r2, `sayings`.`language` AS t0_r3, `sayings`.`views` AS t0_r4, `sayings`.`good` AS t0_r5, `sayings`.`bad` AS t0_r6, `sayings`.`senseless` AS t0_r7, `sayings`.`spam` AS t0_r8, `sayings`.`created_at` AS t0_r9, `sayings`.`updated_at` AS t0_r10, `sentences`.`id` AS t1_r0, `sentences`.`left` AS t1_r1, `sentences`.`right` AS t1_r2, `sentences`.`language` AS t1_r3, `sentences`.`fb_user_id` AS t1_r4, `sentences`.`created_at` AS t1_r5, `sentences`.`updated_at` AS t1_r6, `right_sentences_sayings`.`id` AS t2_r0, `right_sentences_sayings`.`left` AS t2_r1, `right_sentences_sayings`.`right` AS t2_r2, `right_sentences_sayings`.`language` AS t2_r3, `right_sentences_sayings`.`fb_user_id` AS t2_r4, `right_sentences_sayings`.`created_at` AS t2_r5, `right_sentences_sayings`.`updated_at` AS t2_r6 FROM `sayings` LEFT OUTER JOIN `sentences` ON `sentences`.id = `sayings`.left_sentence_id LEFT OUTER JOIN `sentences` right_sentences_sayings ON `right_sentences_sayings`.id = `sayings`.right_sentence_id WHERE (`sayings`.`language` = 'de') ORDER BY (senseless * -15) + (good * 10) + (bad * -9) + (spam * -20) + (views * -1), RAND() LIMIT 100[0m
Rendering home/show
Completed in 1.25126 (0 reqs/sec) | Rendering: 0.00277 (0%) | DB: 1.22396 (97%) | 200 OK [http://localhost/show]


Processing HomeController#show (for 127.0.0.1 at 2008-05-20 01:55:57) [GET]
  Session ID: 65fabe273fd3fc4169f1e4d007fb13fa
  Parameters: {"action"=>"show", "controller"=>"home"}
  [4;36;1mSaying Columns (0.003696)[0m   [0;1mSHOW FIELDS FROM `sayings`[0m
  [4;35;1mLeftSentence Columns (0.001873)[0m   [0mSHOW FIELDS FROM `sentences`[0m
  [4;36;1mRightSentence Columns (0.002109)[0m   [0;1mSHOW FIELDS FROM `sentences`[0m
  [4;35;1mSaying Load Including Associations (1.163349)[0m   [0mSELECT `sayings`.`id` AS t0_r0, `sayings`.`left_sentence_id` AS t0_r1, `sayings`.`right_sentence_id` AS t0_r2, `sayings`.`language` AS t0_r3, `sayings`.`views` AS t0_r4, `sayings`.`good` AS t0_r5, `sayings`.`bad` AS t0_r6, `sayings`.`senseless` AS t0_r7, `sayings`.`spam` AS t0_r8, `sayings`.`created_at` AS t0_r9, `sayings`.`updated_at` AS t0_r10, `sentences`.`id` AS t1_r0, `sentences`.`left` AS t1_r1, `sentences`.`right` AS t1_r2, `sentences`.`language` AS t1_r3, `sentences`.`fb_user_id` AS t1_r4, `sentences`.`created_at` AS t1_r5, `sentences`.`updated_at` AS t1_r6, `right_sentences_sayings`.`id` AS t2_r0, `right_sentences_sayings`.`left` AS t2_r1, `right_sentences_sayings`.`right` AS t2_r2, `right_sentences_sayings`.`language` AS t2_r3, `right_sentences_sayings`.`fb_user_id` AS t2_r4, `right_sentences_sayings`.`created_at` AS t2_r5, `right_sentences_sayings`.`updated_at` AS t2_r6 FROM `sayings` LEFT OUTER JOIN `sentences` ON `sentences`.id = `sayings`.left_sentence_id LEFT OUTER JOIN `sentences` right_sentences_sayings ON `right_sentences_sayings`.id = `sayings`.right_sentence_id WHERE (`sayings`.`language` = 'de') ORDER BY (senseless * -15) + (good * 10) + (bad * -9) + (spam * -20) + (views * -1), RAND() LIMIT 100[0m
Rendering home/show
Completed in 1.20005 (0 reqs/sec) | Rendering: 0.00324 (0%) | DB: 1.17103 (97%) | 200 OK [http://localhost/show]


Processing HomeController#show (for 127.0.0.1 at 2008-05-20 01:56:16) [GET]
  Session ID: 65fabe273fd3fc4169f1e4d007fb13fa
  Parameters: {"action"=>"show", "controller"=>"home"}
  [4;36;1mSaying Columns (0.002163)[0m   [0;1mSHOW FIELDS FROM `sayings`[0m
  [4;35;1mLeftSentence Columns (0.006708)[0m   [0mSHOW FIELDS FROM `sentences`[0m
  [4;36;1mRightSentence Columns (0.001885)[0m   [0;1mSHOW FIELDS FROM `sentences`[0m
  [4;35;1mSaying Load Including Associations (1.158857)[0m   [0mSELECT `sayings`.`id` AS t0_r0, `sayings`.`left_sentence_id` AS t0_r1, `sayings`.`right_sentence_id` AS t0_r2, `sayings`.`language` AS t0_r3, `sayings`.`views` AS t0_r4, `sayings`.`good` AS t0_r5, `sayings`.`bad` AS t0_r6, `sayings`.`senseless` AS t0_r7, `sayings`.`spam` AS t0_r8, `sayings`.`created_at` AS t0_r9, `sayings`.`updated_at` AS t0_r10, `sentences`.`id` AS t1_r0, `sentences`.`left` AS t1_r1, `sentences`.`right` AS t1_r2, `sentences`.`language` AS t1_r3, `sentences`.`fb_user_id` AS t1_r4, `sentences`.`created_at` AS t1_r5, `sentences`.`updated_at` AS t1_r6, `right_sentences_sayings`.`id` AS t2_r0, `right_sentences_sayings`.`left` AS t2_r1, `right_sentences_sayings`.`right` AS t2_r2, `right_sentences_sayings`.`language` AS t2_r3, `right_sentences_sayings`.`fb_user_id` AS t2_r4, `right_sentences_sayings`.`created_at` AS t2_r5, `right_sentences_sayings`.`updated_at` AS t2_r6 FROM `sayings` LEFT OUTER JOIN `sentences` ON `sentences`.id = `sayings`.left_sentence_id LEFT OUTER JOIN `sentences` right_sentences_sayings ON `right_sentences_sayings`.id = `sayings`.right_sentence_id WHERE (`sayings`.`language` = 'de') ORDER BY (senseless * -15) + (good * 10) + (bad * -9) + (spam * -20) + (views * -1), RAND() LIMIT 100[0m
Rendering home/show
Completed in 1.20309 (0 reqs/sec) | Rendering: 0.00303 (0%) | DB: 1.16961 (97%) | 200 OK [http://localhost/show]


Processing HomeController#show (for 127.0.0.1 at 2008-05-20 01:56:20) [GET]
  Session ID: 65fabe273fd3fc4169f1e4d007fb13fa
  Parameters: {"action"=>"show", "controller"=>"home"}
  [4;36;1mSaying Columns (0.003027)[0m   [0;1mSHOW FIELDS FROM `sayings`[0m
  [4;35;1mLeftSentence Columns (0.001959)[0m   [0mSHOW FIELDS FROM `sentences`[0m
  [4;36;1mRightSentence Columns (0.002227)[0m   [0;1mSHOW FIELDS FROM `sentences`[0m
  [4;35;1mSaying Load Including Associations (1.155344)[0m   [0mSELECT `sayings`.`id` AS t0_r0, `sayings`.`left_sentence_id` AS t0_r1, `sayings`.`right_sentence_id` AS t0_r2, `sayings`.`language` AS t0_r3, `sayings`.`views` AS t0_r4, `sayings`.`good` AS t0_r5, `sayings`.`bad` AS t0_r6, `sayings`.`senseless` AS t0_r7, `sayings`.`spam` AS t0_r8, `sayings`.`created_at` AS t0_r9, `sayings`.`updated_at` AS t0_r10, `sentences`.`id` AS t1_r0, `sentences`.`left` AS t1_r1, `sentences`.`right` AS t1_r2, `sentences`.`language` AS t1_r3, `sentences`.`fb_user_id` AS t1_r4, `sentences`.`created_at` AS t1_r5, `sentences`.`updated_at` AS t1_r6, `right_sentences_sayings`.`id` AS t2_r0, `right_sentences_sayings`.`left` AS t2_r1, `right_sentences_sayings`.`right` AS t2_r2, `right_sentences_sayings`.`language` AS t2_r3, `right_sentences_sayings`.`fb_user_id` AS t2_r4, `right_sentences_sayings`.`created_at` AS t2_r5, `right_sentences_sayings`.`updated_at` AS t2_r6 FROM `sayings` LEFT OUTER JOIN `sentences` ON `sentences`.id = `sayings`.left_sentence_id LEFT OUTER JOIN `sentences` right_sentences_sayings ON `right_sentences_sayings`.id = `sayings`.right_sentence_id WHERE (`sayings`.`language` = 'de') ORDER BY (senseless * -15) + (good * 10) + (bad * -9) + (spam * -20) + (views * -1), RAND() LIMIT 100[0m
Rendering home/show
Completed in 1.19293 (0 reqs/sec) | Rendering: 0.00228 (0%) | DB: 1.16256 (97%) | 200 OK [http://localhost/show]


Processing HomeController#show (for 127.0.0.1 at 2008-05-20 01:56:30) [GET]
  Session ID: 65fabe273fd3fc4169f1e4d007fb13fa
  Parameters: {"action"=>"show", "controller"=>"home"}
  [4;36;1mSaying Columns (0.003032)[0m   [0;1mSHOW FIELDS FROM `sayings`[0m
  [4;35;1mLeftSentence Columns (0.002888)[0m   [0mSHOW FIELDS FROM `sentences`[0m
  [4;36;1mRightSentence Columns (0.002858)[0m   [0;1mSHOW FIELDS FROM `sentences`[0m
  [4;35;1mSaying Load Including Associations (1.158189)[0m   [0mSELECT `sayings`.`id` AS t0_r0, `sayings`.`left_sentence_id` AS t0_r1, `sayings`.`right_sentence_id` AS t0_r2, `sayings`.`language` AS t0_r3, `sayings`.`views` AS t0_r4, `sayings`.`good` AS t0_r5, `sayings`.`bad` AS t0_r6, `sayings`.`senseless` AS t0_r7, `sayings`.`spam` AS t0_r8, `sayings`.`created_at` AS t0_r9, `sayings`.`updated_at` AS t0_r10, `sentences`.`id` AS t1_r0, `sentences`.`left` AS t1_r1, `sentences`.`right` AS t1_r2, `sentences`.`language` AS t1_r3, `sentences`.`fb_user_id` AS t1_r4, `sentences`.`created_at` AS t1_r5, `sentences`.`updated_at` AS t1_r6, `right_sentences_sayings`.`id` AS t2_r0, `right_sentences_sayings`.`left` AS t2_r1, `right_sentences_sayings`.`right` AS t2_r2, `right_sentences_sayings`.`language` AS t2_r3, `right_sentences_sayings`.`fb_user_id` AS t2_r4, `right_sentences_sayings`.`created_at` AS t2_r5, `right_sentences_sayings`.`updated_at` AS t2_r6 FROM `sayings` LEFT OUTER JOIN `sentences` ON `sentences`.id = `sayings`.left_sentence_id LEFT OUTER JOIN `sentences` right_sentences_sayings ON `right_sentences_sayings`.id = `sayings`.right_sentence_id WHERE (`sayings`.`language` = 'de') ORDER BY (senseless * -15) + (good * 10) + (bad * -9) + (spam * -20) + (views * -1), RAND() LIMIT 100[0m
Rendering home/show
Completed in 1.19683 (0 reqs/sec) | Rendering: 0.00294 (0%) | DB: 1.16697 (97%) | 200 OK [http://localhost/show]


Processing HomeController#show (for 127.0.0.1 at 2008-05-20 01:56:52) [GET]
  Session ID: 65fabe273fd3fc4169f1e4d007fb13fa
  Parameters: {"action"=>"show", "controller"=>"home"}
  [4;36;1mSaying Columns (0.003084)[0m   [0;1mSHOW FIELDS FROM `sayings`[0m
  [4;35;1mLeftSentence Columns (0.002147)[0m   [0mSHOW FIELDS FROM `sentences`[0m
  [4;36;1mRightSentence Columns (0.001786)[0m   [0;1mSHOW FIELDS FROM `sentences`[0m
  [4;35;1mSaying Load Including Associations (1.151473)[0m   [0mSELECT `sayings`.`id` AS t0_r0, `sayings`.`left_sentence_id` AS t0_r1, `sayings`.`right_sentence_id` AS t0_r2, `sayings`.`language` AS t0_r3, `sayings`.`views` AS t0_r4, `sayings`.`good` AS t0_r5, `sayings`.`bad` AS t0_r6, `sayings`.`senseless` AS t0_r7, `sayings`.`spam` AS t0_r8, `sayings`.`created_at` AS t0_r9, `sayings`.`updated_at` AS t0_r10, `sentences`.`id` AS t1_r0, `sentences`.`left` AS t1_r1, `sentences`.`right` AS t1_r2, `sentences`.`language` AS t1_r3, `sentences`.`fb_user_id` AS t1_r4, `sentences`.`created_at` AS t1_r5, `sentences`.`updated_at` AS t1_r6, `right_sentences_sayings`.`id` AS t2_r0, `right_sentences_sayings`.`left` AS t2_r1, `right_sentences_sayings`.`right` AS t2_r2, `right_sentences_sayings`.`language` AS t2_r3, `right_sentences_sayings`.`fb_user_id` AS t2_r4, `right_sentences_sayings`.`created_at` AS t2_r5, `right_sentences_sayings`.`updated_at` AS t2_r6 FROM `sayings` LEFT OUTER JOIN `sentences` ON `sentences`.id = `sayings`.left_sentence_id LEFT OUTER JOIN `sentences` right_sentences_sayings ON `right_sentences_sayings`.id = `sayings`.right_sentence_id WHERE (`sayings`.`language` = 'de') ORDER BY (senseless * -15) + (good * 10) + (bad * -9) + (spam * -20) + (views * -1), RAND() LIMIT 100[0m
Rendering home/show
Completed in 1.18673 (0 reqs/sec) | Rendering: 0.00287 (0%) | DB: 1.15849 (97%) | 200 OK [http://localhost/show]


Processing HomeController#show (for 127.0.0.1 at 2008-05-20 01:57:12) [GET]
  Session ID: 65fabe273fd3fc4169f1e4d007fb13fa
  Parameters: {"action"=>"show", "controller"=>"home"}
  [4;36;1mSaying Columns (0.003097)[0m   [0;1mSHOW FIELDS FROM `sayings`[0m
  [4;35;1mLeftSentence Columns (0.002471)[0m   [0mSHOW FIELDS FROM `sentences`[0m
  [4;36;1mRightSentence Columns (0.001882)[0m   [0;1mSHOW FIELDS FROM `sentences`[0m
  [4;35;1mSaying Load Including Associations (1.156962)[0m   [0mSELECT `sayings`.`id` AS t0_r0, `sayings`.`left_sentence_id` AS t0_r1, `sayings`.`right_sentence_id` AS t0_r2, `sayings`.`language` AS t0_r3, `sayings`.`views` AS t0_r4, `sayings`.`good` AS t0_r5, `sayings`.`bad` AS t0_r6, `sayings`.`senseless` AS t0_r7, `sayings`.`spam` AS t0_r8, `sayings`.`created_at` AS t0_r9, `sayings`.`updated_at` AS t0_r10, `sentences`.`id` AS t1_r0, `sentences`.`left` AS t1_r1, `sentences`.`right` AS t1_r2, `sentences`.`language` AS t1_r3, `sentences`.`fb_user_id` AS t1_r4, `sentences`.`created_at` AS t1_r5, `sentences`.`updated_at` AS t1_r6, `right_sentences_sayings`.`id` AS t2_r0, `right_sentences_sayings`.`left` AS t2_r1, `right_sentences_sayings`.`right` AS t2_r2, `right_sentences_sayings`.`language` AS t2_r3, `right_sentences_sayings`.`fb_user_id` AS t2_r4, `right_sentences_sayings`.`created_at` AS t2_r5, `right_sentences_sayings`.`updated_at` AS t2_r6 FROM `sayings` LEFT OUTER JOIN `sentences` ON `sentences`.id = `sayings`.left_sentence_id LEFT OUTER JOIN `sentences` right_sentences_sayings ON `right_sentences_sayings`.id = `sayings`.right_sentence_id WHERE (`sayings`.`language` = 'de') ORDER BY (senseless * -15) + (good * 10) + (bad * -9) + (spam * -20) + (views * -1), RAND() LIMIT 100[0m
Rendering home/show
Completed in 1.19774 (0 reqs/sec) | Rendering: 0.00286 (0%) | DB: 1.16441 (97%) | 200 OK [http://localhost/show]


Processing HomeController#show (for 127.0.0.1 at 2008-05-20 01:57:32) [GET]
  Session ID: 65fabe273fd3fc4169f1e4d007fb13fa
  Parameters: {"action"=>"show", "controller"=>"home"}
  [4;36;1mSaying Columns (0.003131)[0m   [0;1mSHOW FIELDS FROM `sayings`[0m
  [4;35;1mLeftSentence Columns (0.001748)[0m   [0mSHOW FIELDS FROM `sentences`[0m
  [4;36;1mRightSentence Columns (0.001748)[0m   [0;1mSHOW FIELDS FROM `sentences`[0m
  [4;35;1mSaying Load Including Associations (1.271795)[0m   [0mSELECT `sayings`.`id` AS t0_r0, `sayings`.`left_sentence_id` AS t0_r1, `sayings`.`right_sentence_id` AS t0_r2, `sayings`.`language` AS t0_r3, `sayings`.`views` AS t0_r4, `sayings`.`good` AS t0_r5, `sayings`.`bad` AS t0_r6, `sayings`.`senseless` AS t0_r7, `sayings`.`spam` AS t0_r8, `sayings`.`created_at` AS t0_r9, `sayings`.`updated_at` AS t0_r10, `sentences`.`id` AS t1_r0, `sentences`.`left` AS t1_r1, `sentences`.`right` AS t1_r2, `sentences`.`language` AS t1_r3, `sentences`.`fb_user_id` AS t1_r4, `sentences`.`created_at` AS t1_r5, `sentences`.`updated_at` AS t1_r6, `right_sentences_sayings`.`id` AS t2_r0, `right_sentences_sayings`.`left` AS t2_r1, `right_sentences_sayings`.`right` AS t2_r2, `right_sentences_sayings`.`language` AS t2_r3, `right_sentences_sayings`.`fb_user_id` AS t2_r4, `right_sentences_sayings`.`created_at` AS t2_r5, `right_sentences_sayings`.`updated_at` AS t2_r6 FROM `sayings` LEFT OUTER JOIN `sentences` ON `sentences`.id = `sayings`.left_sentence_id LEFT OUTER JOIN `sentences` right_sentences_sayings ON `right_sentences_sayings`.id = `sayings`.right_sentence_id WHERE (`sayings`.`language` = 'de') ORDER BY (senseless * -15) + (good * 10) + (bad * -9) + (spam * -20) + (views * -1), RAND() LIMIT 100[0m
Rendering home/show
Completed in 1.30660 (0 reqs/sec) | Rendering: 0.00308 (0%) | DB: 1.27842 (97%) | 200 OK [http://localhost/show]


Processing HomeController#show (for 127.0.0.1 at 2008-05-20 01:57:43) [GET]
  Session ID: 65fabe273fd3fc4169f1e4d007fb13fa
  Parameters: {"action"=>"show", "controller"=>"home"}
  [4;36;1mSaying Columns (0.002128)[0m   [0;1mSHOW FIELDS FROM `sayings`[0m
  [4;35;1mLeftSentence Columns (0.003130)[0m   [0mSHOW FIELDS FROM `sentences`[0m
  [4;36;1mRightSentence Columns (0.002393)[0m   [0;1mSHOW FIELDS FROM `sentences`[0m
  [4;35;1mSaying Load Including Associations (1.380661)[0m   [0mSELECT `sayings`.`id` AS t0_r0, `sayings`.`left_sentence_id` AS t0_r1, `sayings`.`right_sentence_id` AS t0_r2, `sayings`.`language` AS t0_r3, `sayings`.`views` AS t0_r4, `sayings`.`good` AS t0_r5, `sayings`.`bad` AS t0_r6, `sayings`.`senseless` AS t0_r7, `sayings`.`spam` AS t0_r8, `sayings`.`created_at` AS t0_r9, `sayings`.`updated_at` AS t0_r10, `sentences`.`id` AS t1_r0, `sentences`.`left` AS t1_r1, `sentences`.`right` AS t1_r2, `sentences`.`language` AS t1_r3, `sentences`.`fb_user_id` AS t1_r4, `sentences`.`created_at` AS t1_r5, `sentences`.`updated_at` AS t1_r6, `right_sentences_sayings`.`id` AS t2_r0, `right_sentences_sayings`.`left` AS t2_r1, `right_sentences_sayings`.`right` AS t2_r2, `right_sentences_sayings`.`language` AS t2_r3, `right_sentences_sayings`.`fb_user_id` AS t2_r4, `right_sentences_sayings`.`created_at` AS t2_r5, `right_sentences_sayings`.`updated_at` AS t2_r6 FROM `sayings` LEFT OUTER JOIN `sentences` ON `sentences`.id = `sayings`.left_sentence_id LEFT OUTER JOIN `sentences` right_sentences_sayings ON `right_sentences_sayings`.id = `sayings`.right_sentence_id WHERE (`sayings`.`language` = 'de') ORDER BY (senseless * -15) + (good * 10) + (bad * -9) + (spam * -20) + (views * -1), RAND() LIMIT 100[0m
Rendering home/show
Completed in 1.41796 (0 reqs/sec) | Rendering: 0.00310 (0%) | DB: 1.38831 (97%) | 200 OK [http://localhost/show]


Processing HomeController#show (for 127.0.0.1 at 2008-05-20 01:58:04) [GET]
  Session ID: 65fabe273fd3fc4169f1e4d007fb13fa
  Parameters: {"action"=>"show", "controller"=>"home"}
  [4;36;1mSaying Columns (0.002185)[0m   [0;1mSHOW FIELDS FROM `sayings`[0m
  [4;35;1mLeftSentence Columns (0.002542)[0m   [0mSHOW FIELDS FROM `sentences`[0m
  [4;36;1mRightSentence Columns (0.002731)[0m   [0;1mSHOW FIELDS FROM `sentences`[0m
  [4;35;1mSaying Load Including Associations (1.148635)[0m   [0mSELECT `sayings`.`id` AS t0_r0, `sayings`.`left_sentence_id` AS t0_r1, `sayings`.`right_sentence_id` AS t0_r2, `sayings`.`language` AS t0_r3, `sayings`.`views` AS t0_r4, `sayings`.`good` AS t0_r5, `sayings`.`bad` AS t0_r6, `sayings`.`senseless` AS t0_r7, `sayings`.`spam` AS t0_r8, `sayings`.`created_at` AS t0_r9, `sayings`.`updated_at` AS t0_r10, `sentences`.`id` AS t1_r0, `sentences`.`left` AS t1_r1, `sentences`.`right` AS t1_r2, `sentences`.`language` AS t1_r3, `sentences`.`fb_user_id` AS t1_r4, `sentences`.`created_at` AS t1_r5, `sentences`.`updated_at` AS t1_r6, `right_sentences_sayings`.`id` AS t2_r0, `right_sentences_sayings`.`left` AS t2_r1, `right_sentences_sayings`.`right` AS t2_r2, `right_sentences_sayings`.`language` AS t2_r3, `right_sentences_sayings`.`fb_user_id` AS t2_r4, `right_sentences_sayings`.`created_at` AS t2_r5, `right_sentences_sayings`.`updated_at` AS t2_r6 FROM `sayings` LEFT OUTER JOIN `sentences` ON `sentences`.id = `sayings`.left_sentence_id LEFT OUTER JOIN `sentences` right_sentences_sayings ON `right_sentences_sayings`.id = `sayings`.right_sentence_id WHERE (`sayings`.`language` = 'de') ORDER BY (senseless * -15) + (good * 10) + (bad * -9) + (spam * -20) + (views * -1), RAND() LIMIT 100[0m
Rendering home/show
Completed in 1.18397 (0 reqs/sec) | Rendering: 0.00299 (0%) | DB: 1.15609 (97%) | 200 OK [http://localhost/show]


Processing HomeController#show (for 127.0.0.1 at 2008-05-20 01:58:22) [GET]
  Session ID: 65fabe273fd3fc4169f1e4d007fb13fa
  Parameters: {"action"=>"show", "controller"=>"home"}
  [4;36;1mSaying Columns (0.003338)[0m   [0;1mSHOW FIELDS FROM `sayings`[0m
  [4;35;1mLeftSentence Columns (0.001781)[0m   [0mSHOW FIELDS FROM `sentences`[0m
  [4;36;1mRightSentence Columns (0.002245)[0m   [0;1mSHOW FIELDS FROM `sentences`[0m
  [4;35;1mSaying Load Including Associations (1.166188)[0m   [0mSELECT `sayings`.`id` AS t0_r0, `sayings`.`left_sentence_id` AS t0_r1, `sayings`.`right_sentence_id` AS t0_r2, `sayings`.`language` AS t0_r3, `sayings`.`views` AS t0_r4, `sayings`.`good` AS t0_r5, `sayings`.`bad` AS t0_r6, `sayings`.`senseless` AS t0_r7, `sayings`.`spam` AS t0_r8, `sayings`.`created_at` AS t0_r9, `sayings`.`updated_at` AS t0_r10, `sentences`.`id` AS t1_r0, `sentences`.`left` AS t1_r1, `sentences`.`right` AS t1_r2, `sentences`.`language` AS t1_r3, `sentences`.`fb_user_id` AS t1_r4, `sentences`.`created_at` AS t1_r5, `sentences`.`updated_at` AS t1_r6, `right_sentences_sayings`.`id` AS t2_r0, `right_sentences_sayings`.`left` AS t2_r1, `right_sentences_sayings`.`right` AS t2_r2, `right_sentences_sayings`.`language` AS t2_r3, `right_sentences_sayings`.`fb_user_id` AS t2_r4, `right_sentences_sayings`.`created_at` AS t2_r5, `right_sentences_sayings`.`updated_at` AS t2_r6 FROM `sayings` LEFT OUTER JOIN `sentences` ON `sentences`.id = `sayings`.left_sentence_id LEFT OUTER JOIN `sentences` right_sentences_sayings ON `right_sentences_sayings`.id = `sayings`.right_sentence_id WHERE (`sayings`.`language` = 'de') ORDER BY (senseless * -15) + (good * 10) + (bad * -9) + (spam * -20) + (views * -1), RAND() LIMIT 100[0m
Rendering home/show
Completed in 1.20273 (0 reqs/sec) | Rendering: 0.00293 (0%) | DB: 1.17355 (97%) | 200 OK [http://localhost/show]


Processing HomeController#show (for 127.0.0.1 at 2008-05-20 01:58:39) [GET]
  Session ID: 65fabe273fd3fc4169f1e4d007fb13fa
  Parameters: {"action"=>"show", "controller"=>"home"}
  [4;36;1mSaying Columns (0.003032)[0m   [0;1mSHOW FIELDS FROM `sayings`[0m
  [4;35;1mLeftSentence Columns (0.002914)[0m   [0mSHOW FIELDS FROM `sentences`[0m
  [4;36;1mRightSentence Columns (0.002194)[0m   [0;1mSHOW FIELDS FROM `sentences`[0m
  [4;35;1mSaying Load Including Associations (1.146757)[0m   [0mSELECT `sayings`.`id` AS t0_r0, `sayings`.`left_sentence_id` AS t0_r1, `sayings`.`right_sentence_id` AS t0_r2, `sayings`.`language` AS t0_r3, `sayings`.`views` AS t0_r4, `sayings`.`good` AS t0_r5, `sayings`.`bad` AS t0_r6, `sayings`.`senseless` AS t0_r7, `sayings`.`spam` AS t0_r8, `sayings`.`created_at` AS t0_r9, `sayings`.`updated_at` AS t0_r10, `sentences`.`id` AS t1_r0, `sentences`.`left` AS t1_r1, `sentences`.`right` AS t1_r2, `sentences`.`language` AS t1_r3, `sentences`.`fb_user_id` AS t1_r4, `sentences`.`created_at` AS t1_r5, `sentences`.`updated_at` AS t1_r6, `right_sentences_sayings`.`id` AS t2_r0, `right_sentences_sayings`.`left` AS t2_r1, `right_sentences_sayings`.`right` AS t2_r2, `right_sentences_sayings`.`language` AS t2_r3, `right_sentences_sayings`.`fb_user_id` AS t2_r4, `right_sentences_sayings`.`created_at` AS t2_r5, `right_sentences_sayings`.`updated_at` AS t2_r6 FROM `sayings` LEFT OUTER JOIN `sentences` ON `sentences`.id = `sayings`.left_sentence_id LEFT OUTER JOIN `sentences` right_sentences_sayings ON `right_sentences_sayings`.id = `sayings`.right_sentence_id WHERE (`sayings`.`language` = 'de') ORDER BY (senseless * -15) + (good * 10) + (bad * -9) + (spam * -20) + (views * -1), RAND() LIMIT 100[0m
Rendering home/show
Completed in 1.18287 (0 reqs/sec) | Rendering: 0.00288 (0%) | DB: 1.15490 (97%) | 200 OK [http://localhost/show]


Processing HomeController#show (for 127.0.0.1 at 2008-05-20 01:58:41) [GET]
  Session ID: 65fabe273fd3fc4169f1e4d007fb13fa
  Parameters: {"action"=>"show", "controller"=>"home"}
  [4;36;1mSaying Columns (0.003158)[0m   [0;1mSHOW FIELDS FROM `sayings`[0m
  [4;35;1mLeftSentence Columns (0.002213)[0m   [0mSHOW FIELDS FROM `sentences`[0m
  [4;36;1mRightSentence Columns (0.002223)[0m   [0;1mSHOW FIELDS FROM `sentences`[0m
  [4;35;1mSaying Load Including Associations (1.152978)[0m   [0mSELECT `sayings`.`id` AS t0_r0, `sayings`.`left_sentence_id` AS t0_r1, `sayings`.`right_sentence_id` AS t0_r2, `sayings`.`language` AS t0_r3, `sayings`.`views` AS t0_r4, `sayings`.`good` AS t0_r5, `sayings`.`bad` AS t0_r6, `sayings`.`senseless` AS t0_r7, `sayings`.`spam` AS t0_r8, `sayings`.`created_at` AS t0_r9, `sayings`.`updated_at` AS t0_r10, `sentences`.`id` AS t1_r0, `sentences`.`left` AS t1_r1, `sentences`.`right` AS t1_r2, `sentences`.`language` AS t1_r3, `sentences`.`fb_user_id` AS t1_r4, `sentences`.`created_at` AS t1_r5, `sentences`.`updated_at` AS t1_r6, `right_sentences_sayings`.`id` AS t2_r0, `right_sentences_sayings`.`left` AS t2_r1, `right_sentences_sayings`.`right` AS t2_r2, `right_sentences_sayings`.`language` AS t2_r3, `right_sentences_sayings`.`fb_user_id` AS t2_r4, `right_sentences_sayings`.`created_at` AS t2_r5, `right_sentences_sayings`.`updated_at` AS t2_r6 FROM `sayings` LEFT OUTER JOIN `sentences` ON `sentences`.id = `sayings`.left_sentence_id LEFT OUTER JOIN `sentences` right_sentences_sayings ON `right_sentences_sayings`.id = `sayings`.right_sentence_id WHERE (`sayings`.`language` = 'de') ORDER BY (senseless * -15) + (good * 10) + (bad * -9) + (spam * -20) + (views * -1), RAND() LIMIT 100[0m
Rendering home/show
Completed in 1.18806 (0 reqs/sec) | Rendering: 0.00250 (0%) | DB: 1.16057 (97%) | 200 OK [http://localhost/show]


Processing HomeController#show (for 127.0.0.1 at 2008-05-20 01:59:00) [GET]
  Session ID: 65fabe273fd3fc4169f1e4d007fb13fa
  Parameters: {"action"=>"show", "controller"=>"home"}
  [4;36;1mSaying Columns (0.002646)[0m   [0;1mSHOW FIELDS FROM `sayings`[0m
  [4;35;1mLeftSentence Columns (0.002682)[0m   [0mSHOW FIELDS FROM `sentences`[0m
  [4;36;1mRightSentence Columns (0.002497)[0m   [0;1mSHOW FIELDS FROM `sentences`[0m
  [4;35;1mSaying Load Including Associations (1.174065)[0m   [0mSELECT `sayings`.`id` AS t0_r0, `sayings`.`left_sentence_id` AS t0_r1, `sayings`.`right_sentence_id` AS t0_r2, `sayings`.`language` AS t0_r3, `sayings`.`views` AS t0_r4, `sayings`.`good` AS t0_r5, `sayings`.`bad` AS t0_r6, `sayings`.`senseless` AS t0_r7, `sayings`.`spam` AS t0_r8, `sayings`.`created_at` AS t0_r9, `sayings`.`updated_at` AS t0_r10, `sentences`.`id` AS t1_r0, `sentences`.`left` AS t1_r1, `sentences`.`right` AS t1_r2, `sentences`.`language` AS t1_r3, `sentences`.`fb_user_id` AS t1_r4, `sentences`.`created_at` AS t1_r5, `sentences`.`updated_at` AS t1_r6, `right_sentences_sayings`.`id` AS t2_r0, `right_sentences_sayings`.`left` AS t2_r1, `right_sentences_sayings`.`right` AS t2_r2, `right_sentences_sayings`.`language` AS t2_r3, `right_sentences_sayings`.`fb_user_id` AS t2_r4, `right_sentences_sayings`.`created_at` AS t2_r5, `right_sentences_sayings`.`updated_at` AS t2_r6 FROM `sayings` LEFT OUTER JOIN `sentences` ON `sentences`.id = `sayings`.left_sentence_id LEFT OUTER JOIN `sentences` right_sentences_sayings ON `right_sentences_sayings`.id = `sayings`.right_sentence_id WHERE (`sayings`.`language` = 'de') ORDER BY (senseless * -15) + (good * 10) + (bad * -9) + (spam * -20) + (views * -1), RAND() LIMIT 100[0m
Rendering home/show
Completed in 1.21051 (0 reqs/sec) | Rendering: 0.00310 (0%) | DB: 1.18189 (97%) | 200 OK [http://localhost/show]


Processing HomeController#show (for 127.0.0.1 at 2008-05-20 01:59:19) [GET]
  Session ID: 65fabe273fd3fc4169f1e4d007fb13fa
  Parameters: {"action"=>"show", "controller"=>"home"}
  [4;36;1mSaying Columns (0.003062)[0m   [0;1mSHOW FIELDS FROM `sayings`[0m
  [4;35;1mLeftSentence Columns (0.003084)[0m   [0mSHOW FIELDS FROM `sentences`[0m
  [4;36;1mRightSentence Columns (0.003205)[0m   [0;1mSHOW FIELDS FROM `sentences`[0m
  [4;35;1mSaying Load Including Associations (1.140706)[0m   [0mSELECT `sayings`.`id` AS t0_r0, `sayings`.`left_sentence_id` AS t0_r1, `sayings`.`right_sentence_id` AS t0_r2, `sayings`.`language` AS t0_r3, `sayings`.`views` AS t0_r4, `sayings`.`good` AS t0_r5, `sayings`.`bad` AS t0_r6, `sayings`.`senseless` AS t0_r7, `sayings`.`spam` AS t0_r8, `sayings`.`created_at` AS t0_r9, `sayings`.`updated_at` AS t0_r10, `sentences`.`id` AS t1_r0, `sentences`.`left` AS t1_r1, `sentences`.`right` AS t1_r2, `sentences`.`language` AS t1_r3, `sentences`.`fb_user_id` AS t1_r4, `sentences`.`created_at` AS t1_r5, `sentences`.`updated_at` AS t1_r6, `right_sentences_sayings`.`id` AS t2_r0, `right_sentences_sayings`.`left` AS t2_r1, `right_sentences_sayings`.`right` AS t2_r2, `right_sentences_sayings`.`language` AS t2_r3, `right_sentences_sayings`.`fb_user_id` AS t2_r4, `right_sentences_sayings`.`created_at` AS t2_r5, `right_sentences_sayings`.`updated_at` AS t2_r6 FROM `sayings` LEFT OUTER JOIN `sentences` ON `sentences`.id = `sayings`.left_sentence_id LEFT OUTER JOIN `sentences` right_sentences_sayings ON `right_sentences_sayings`.id = `sayings`.right_sentence_id WHERE (`sayings`.`language` = 'de') ORDER BY (senseless * -15) + (good * 10) + (bad * -9) + (spam * -20) + (views * -1), RAND() LIMIT 100[0m
Rendering home/show
Completed in 1.17827 (0 reqs/sec) | Rendering: 0.00301 (0%) | DB: 1.15006 (97%) | 200 OK [http://localhost/show]


Processing HomeController#show (for 127.0.0.1 at 2008-05-20 01:59:31) [GET]
  Session ID: 65fabe273fd3fc4169f1e4d007fb13fa
  Parameters: {"action"=>"show", "controller"=>"home"}
  [4;36;1mSaying Columns (0.003170)[0m   [0;1mSHOW FIELDS FROM `sayings`[0m
  [4;35;1mLeftSentence Columns (0.002193)[0m   [0mSHOW FIELDS FROM `sentences`[0m
  [4;36;1mRightSentence Columns (0.002383)[0m   [0;1mSHOW FIELDS FROM `sentences`[0m
  [4;35;1mSaying Load Including Associations (1.783030)[0m   [0mSELECT `sayings`.`id` AS t0_r0, `sayings`.`left_sentence_id` AS t0_r1, `sayings`.`right_sentence_id` AS t0_r2, `sayings`.`language` AS t0_r3, `sayings`.`views` AS t0_r4, `sayings`.`good` AS t0_r5, `sayings`.`bad` AS t0_r6, `sayings`.`senseless` AS t0_r7, `sayings`.`spam` AS t0_r8, `sayings`.`created_at` AS t0_r9, `sayings`.`updated_at` AS t0_r10, `sentences`.`id` AS t1_r0, `sentences`.`left` AS t1_r1, `sentences`.`right` AS t1_r2, `sentences`.`language` AS t1_r3, `sentences`.`fb_user_id` AS t1_r4, `sentences`.`created_at` AS t1_r5, `sentences`.`updated_at` AS t1_r6, `right_sentences_sayings`.`id` AS t2_r0, `right_sentences_sayings`.`left` AS t2_r1, `right_sentences_sayings`.`right` AS t2_r2, `right_sentences_sayings`.`language` AS t2_r3, `right_sentences_sayings`.`fb_user_id` AS t2_r4, `right_sentences_sayings`.`created_at` AS t2_r5, `right_sentences_sayings`.`updated_at` AS t2_r6 FROM `sayings` LEFT OUTER JOIN `sentences` ON `sentences`.id = `sayings`.left_sentence_id LEFT OUTER JOIN `sentences` right_sentences_sayings ON `right_sentences_sayings`.id = `sayings`.right_sentence_id WHERE (`sayings`.`language` = 'de') ORDER BY (senseless * -15) + (good * 10) + (bad * -9) + (spam * -20) + (views * -1), RAND() LIMIT 100[0m
Rendering home/show
Completed in 1.82010 (0 reqs/sec) | Rendering: 0.00390 (0%) | DB: 1.79078 (98%) | 200 OK [http://localhost/show]


Processing HomeController#show (for 127.0.0.1 at 2008-05-20 01:59:53) [GET]
  Session ID: 65fabe273fd3fc4169f1e4d007fb13fa
  Parameters: {"action"=>"show", "controller"=>"home"}
  [4;36;1mSaying Columns (0.003011)[0m   [0;1mSHOW FIELDS FROM `sayings`[0m
  [4;35;1mLeftSentence Columns (0.002218)[0m   [0mSHOW FIELDS FROM `sentences`[0m
  [4;36;1mRightSentence Columns (0.001851)[0m   [0;1mSHOW FIELDS FROM `sentences`[0m
  [4;35;1mSaying Load Including Associations (1.181840)[0m   [0mSELECT `sayings`.`id` AS t0_r0, `sayings`.`left_sentence_id` AS t0_r1, `sayings`.`right_sentence_id` AS t0_r2, `sayings`.`language` AS t0_r3, `sayings`.`views` AS t0_r4, `sayings`.`good` AS t0_r5, `sayings`.`bad` AS t0_r6, `sayings`.`senseless` AS t0_r7, `sayings`.`spam` AS t0_r8, `sayings`.`created_at` AS t0_r9, `sayings`.`updated_at` AS t0_r10, `sentences`.`id` AS t1_r0, `sentences`.`left` AS t1_r1, `sentences`.`right` AS t1_r2, `sentences`.`language` AS t1_r3, `sentences`.`fb_user_id` AS t1_r4, `sentences`.`created_at` AS t1_r5, `sentences`.`updated_at` AS t1_r6, `right_sentences_sayings`.`id` AS t2_r0, `right_sentences_sayings`.`left` AS t2_r1, `right_sentences_sayings`.`right` AS t2_r2, `right_sentences_sayings`.`language` AS t2_r3, `right_sentences_sayings`.`fb_user_id` AS t2_r4, `right_sentences_sayings`.`created_at` AS t2_r5, `right_sentences_sayings`.`updated_at` AS t2_r6 FROM `sayings` LEFT OUTER JOIN `sentences` ON `sentences`.id = `sayings`.left_sentence_id LEFT OUTER JOIN `sentences` right_sentences_sayings ON `right_sentences_sayings`.id = `sayings`.right_sentence_id WHERE (`sayings`.`language` = 'de') ORDER BY (senseless * -15) + (good * 10) + (bad * -9) + (spam * -20) + (views * -1), RAND() LIMIT 100[0m
Rendering home/show
Completed in 1.21684 (0 reqs/sec) | Rendering: 0.00295 (0%) | DB: 1.18892 (97%) | 200 OK [http://localhost/show]


Processing HomeController#show (for 127.0.0.1 at 2008-05-20 02:00:21) [GET]
  Session ID: 65fabe273fd3fc4169f1e4d007fb13fa
  Parameters: {"action"=>"show", "controller"=>"home"}
  [4;36;1mSaying Columns (0.003087)[0m   [0;1mSHOW FIELDS FROM `sayings`[0m
  [4;35;1mLeftSentence Columns (0.001847)[0m   [0mSHOW FIELDS FROM `sentences`[0m
  [4;36;1mRightSentence Columns (0.001816)[0m   [0;1mSHOW FIELDS FROM `sentences`[0m
  [4;35;1mSaying Load Including Associations (1.153570)[0m   [0mSELECT `sayings`.`id` AS t0_r0, `sayings`.`left_sentence_id` AS t0_r1, `sayings`.`right_sentence_id` AS t0_r2, `sayings`.`language` AS t0_r3, `sayings`.`views` AS t0_r4, `sayings`.`good` AS t0_r5, `sayings`.`bad` AS t0_r6, `sayings`.`senseless` AS t0_r7, `sayings`.`spam` AS t0_r8, `sayings`.`created_at` AS t0_r9, `sayings`.`updated_at` AS t0_r10, `sentences`.`id` AS t1_r0, `sentences`.`left` AS t1_r1, `sentences`.`right` AS t1_r2, `sentences`.`language` AS t1_r3, `sentences`.`fb_user_id` AS t1_r4, `sentences`.`created_at` AS t1_r5, `sentences`.`updated_at` AS t1_r6, `right_sentences_sayings`.`id` AS t2_r0, `right_sentences_sayings`.`left` AS t2_r1, `right_sentences_sayings`.`right` AS t2_r2, `right_sentences_sayings`.`language` AS t2_r3, `right_sentences_sayings`.`fb_user_id` AS t2_r4, `right_sentences_sayings`.`created_at` AS t2_r5, `right_sentences_sayings`.`updated_at` AS t2_r6 FROM `sayings` LEFT OUTER JOIN `sentences` ON `sentences`.id = `sayings`.left_sentence_id LEFT OUTER JOIN `sentences` right_sentences_sayings ON `right_sentences_sayings`.id = `sayings`.right_sentence_id WHERE (`sayings`.`language` = 'de') ORDER BY (senseless * -15) + (good * 10) + (bad * -9) + (spam * -20) + (views * -1), RAND() LIMIT 100[0m
Rendering home/show
Completed in 1.19327 (0 reqs/sec) | Rendering: 0.00290 (0%) | DB: 1.16032 (97%) | 200 OK [http://localhost/show]


Processing HomeController#show (for 127.0.0.1 at 2008-05-20 02:00:38) [GET]
  Session ID: 65fabe273fd3fc4169f1e4d007fb13fa
  Parameters: {"action"=>"show", "controller"=>"home"}
  [4;36;1mSaying Columns (0.003048)[0m   [0;1mSHOW FIELDS FROM `sayings`[0m
  [4;35;1mLeftSentence Columns (0.001736)[0m   [0mSHOW FIELDS FROM `sentences`[0m
  [4;36;1mRightSentence Columns (0.001801)[0m   [0;1mSHOW FIELDS FROM `sentences`[0m
  [4;35;1mSaying Load Including Associations (1.157512)[0m   [0mSELECT `sayings`.`id` AS t0_r0, `sayings`.`left_sentence_id` AS t0_r1, `sayings`.`right_sentence_id` AS t0_r2, `sayings`.`language` AS t0_r3, `sayings`.`views` AS t0_r4, `sayings`.`good` AS t0_r5, `sayings`.`bad` AS t0_r6, `sayings`.`senseless` AS t0_r7, `sayings`.`spam` AS t0_r8, `sayings`.`created_at` AS t0_r9, `sayings`.`updated_at` AS t0_r10, `sentences`.`id` AS t1_r0, `sentences`.`left` AS t1_r1, `sentences`.`right` AS t1_r2, `sentences`.`language` AS t1_r3, `sentences`.`fb_user_id` AS t1_r4, `sentences`.`created_at` AS t1_r5, `sentences`.`updated_at` AS t1_r6, `right_sentences_sayings`.`id` AS t2_r0, `right_sentences_sayings`.`left` AS t2_r1, `right_sentences_sayings`.`right` AS t2_r2, `right_sentences_sayings`.`language` AS t2_r3, `right_sentences_sayings`.`fb_user_id` AS t2_r4, `right_sentences_sayings`.`created_at` AS t2_r5, `right_sentences_sayings`.`updated_at` AS t2_r6 FROM `sayings` LEFT OUTER JOIN `sentences` ON `sentences`.id = `sayings`.left_sentence_id LEFT OUTER JOIN `sentences` right_sentences_sayings ON `right_sentences_sayings`.id = `sayings`.right_sentence_id WHERE (`sayings`.`language` = 'de') ORDER BY (senseless * -15) + (good * 10) + (bad * -9) + (spam * -20) + (views * -1), RAND() LIMIT 100[0m
Rendering home/show
Completed in 1.19447 (0 reqs/sec) | Rendering: 0.00292 (0%) | DB: 1.16410 (97%) | 200 OK [http://localhost/show]


Processing HomeController#show (for 127.0.0.1 at 2008-05-20 02:05:48) [GET]
  Session ID: 65fabe273fd3fc4169f1e4d007fb13fa
  Parameters: {"action"=>"show", "controller"=>"home"}
  [4;36;1mSaying Columns (0.101658)[0m   [0;1mSHOW FIELDS FROM `sayings`[0m
  [4;35;1mLeftSentence Columns (0.002265)[0m   [0mSHOW FIELDS FROM `sentences`[0m
  [4;36;1mRightSentence Columns (0.002144)[0m   [0;1mSHOW FIELDS FROM `sentences`[0m
  [4;35;1mSaying Load Including Associations (1.376452)[0m   [0mSELECT `sayings`.`id` AS t0_r0, `sayings`.`left_sentence_id` AS t0_r1, `sayings`.`right_sentence_id` AS t0_r2, `sayings`.`language` AS t0_r3, `sayings`.`views` AS t0_r4, `sayings`.`good` AS t0_r5, `sayings`.`bad` AS t0_r6, `sayings`.`senseless` AS t0_r7, `sayings`.`spam` AS t0_r8, `sayings`.`created_at` AS t0_r9, `sayings`.`updated_at` AS t0_r10, `sentences`.`id` AS t1_r0, `sentences`.`left` AS t1_r1, `sentences`.`right` AS t1_r2, `sentences`.`language` AS t1_r3, `sentences`.`fb_user_id` AS t1_r4, `sentences`.`created_at` AS t1_r5, `sentences`.`updated_at` AS t1_r6, `right_sentences_sayings`.`id` AS t2_r0, `right_sentences_sayings`.`left` AS t2_r1, `right_sentences_sayings`.`right` AS t2_r2, `right_sentences_sayings`.`language` AS t2_r3, `right_sentences_sayings`.`fb_user_id` AS t2_r4, `right_sentences_sayings`.`created_at` AS t2_r5, `right_sentences_sayings`.`updated_at` AS t2_r6 FROM `sayings` LEFT OUTER JOIN `sentences` ON `sentences`.id = `sayings`.left_sentence_id LEFT OUTER JOIN `sentences` right_sentences_sayings ON `right_sentences_sayings`.id = `sayings`.right_sentence_id WHERE (`sayings`.`language` = 'de') ORDER BY (senseless * -15) + (good * 10) + (bad * -9) + (spam * -20) + (views * -1), RAND() LIMIT 100[0m
Rendering home/show
Completed in 1.50979 (0 reqs/sec) | Rendering: 0.00224 (0%) | DB: 1.48252 (98%) | 200 OK [http://localhost/show]


Processing Base#index (for 127.0.0.1 at 2008-05-21 00:24:02) [GET]
  Session ID: 63f262f46750939fa5673e859a1300e3
  Parameters: {}


SyntaxError (/Users/ted/Sites/rails/phrasr/config/routes.rb:37: odd number list for Hash):
    /Library/Ruby/Gems/1.8/gems/activesupport-2.0.2/lib/active_support/dependencies.rb:489:in `load'
    /Library/Ruby/Gems/1.8/gems/activesupport-2.0.2/lib/active_support/dependencies.rb:489:in `load'
    /Library/Ruby/Gems/1.8/gems/activesupport-2.0.2/lib/active_support/dependencies.rb:342:in `new_constants_in'
    /Library/Ruby/Gems/1.8/gems/activesupport-2.0.2/lib/active_support/dependencies.rb:489:in `load'
    /Library/Ruby/Gems/1.8/gems/actionpack-2.0.2/lib/action_controller/routing.rb:1293:in `load_routes!'
    /Library/Ruby/Gems/1.8/gems/actionpack-2.0.2/lib/action_controller/routing.rb:1273:in `load!'
    /Library/Ruby/Gems/1.8/gems/actionpack-2.0.2/lib/action_controller/routing.rb:1288:in `reload'
    /Library/Ruby/Gems/1.8/gems/actionpack-2.0.2/lib/action_controller/dispatcher.rb:134:in `reload_application'
    /Library/Ruby/Gems/1.8/gems/actionpack-2.0.2/lib/action_controller/dispatcher.rb:178:in `send!'
    /Library/Ruby/Gems/1.8/gems/actionpack-2.0.2/lib/action_controller/dispatcher.rb:178:in `run_callbacks'
    /Library/Ruby/Gems/1.8/gems/actionpack-2.0.2/lib/action_controller/dispatcher.rb:175:in `each'
    /Library/Ruby/Gems/1.8/gems/actionpack-2.0.2/lib/action_controller/dispatcher.rb:175:in `send!'
    /Library/Ruby/Gems/1.8/gems/actionpack-2.0.2/lib/action_controller/dispatcher.rb:175:in `run_callbacks'
    /Library/Ruby/Gems/1.8/gems/actionpack-2.0.2/lib/action_controller/dispatcher.rb:114:in `dispatch'
    /Library/Ruby/Gems/1.8/gems/actionpack-2.0.2/lib/action_controller/dispatcher.rb:126:in `dispatch_cgi'
    /Library/Ruby/Gems/1.8/gems/actionpack-2.0.2/lib/action_controller/dispatcher.rb:9:in `dispatch'
    /Library/Ruby/Gems/1.8/gems/mongrel-1.1.4/bin/../lib/mongrel/rails.rb:76:in `process'
    /Library/Ruby/Gems/1.8/gems/mongrel-1.1.4/bin/../lib/mongrel/rails.rb:74:in `synchronize'
    /Library/Ruby/Gems/1.8/gems/mongrel-1.1.4/bin/../lib/mongrel/rails.rb:74:in `process'
    /Library/Ruby/Gems/1.8/gems/mongrel-1.1.4/lib/mongrel.rb:159:in `process_client'
    /Library/Ruby/Gems/1.8/gems/mongrel-1.1.4/lib/mongrel.rb:158:in `each'
    /Library/Ruby/Gems/1.8/gems/mongrel-1.1.4/lib/mongrel.rb:158:in `process_client'
    /Library/Ruby/Gems/1.8/gems/mongrel-1.1.4/lib/mongrel.rb:285:in `run'
    /Library/Ruby/Gems/1.8/gems/mongrel-1.1.4/lib/mongrel.rb:285:in `initialize'
    /Library/Ruby/Gems/1.8/gems/mongrel-1.1.4/lib/mongrel.rb:285:in `new'
    /Library/Ruby/Gems/1.8/gems/mongrel-1.1.4/lib/mongrel.rb:285:in `run'
    /Library/Ruby/Gems/1.8/gems/mongrel-1.1.4/lib/mongrel.rb:268:in `initialize'
    /Library/Ruby/Gems/1.8/gems/mongrel-1.1.4/lib/mongrel.rb:268:in `new'
    /Library/Ruby/Gems/1.8/gems/mongrel-1.1.4/lib/mongrel.rb:268:in `run'
    /Library/Ruby/Gems/1.8/gems/mongrel-1.1.4/lib/mongrel/configurator.rb:282:in `run'
    /Library/Ruby/Gems/1.8/gems/mongrel-1.1.4/lib/mongrel/configurator.rb:281:in `each'
    /Library/Ruby/Gems/1.8/gems/mongrel-1.1.4/lib/mongrel/configurator.rb:281:in `run'
    /Library/Ruby/Gems/1.8/gems/mongrel-1.1.4/bin/mongrel_rails:128:in `run'
    /Library/Ruby/Gems/1.8/gems/mongrel-1.1.4/lib/mongrel/command.rb:212:in `run'
    /Library/Ruby/Gems/1.8/gems/mongrel-1.1.4/bin/mongrel_rails:281
    /Library/Ruby/Gems/1.8/gems/activesupport-2.0.2/lib/active_support/dependencies.rb:489:in `load'
    /Library/Ruby/Gems/1.8/gems/activesupport-2.0.2/lib/active_support/dependencies.rb:489:in `load'
    /Library/Ruby/Gems/1.8/gems/activesupport-2.0.2/lib/active_support/dependencies.rb:342:in `new_constants_in'
    /Library/Ruby/Gems/1.8/gems/activesupport-2.0.2/lib/active_support/dependencies.rb:489:in `load'
    /Library/Ruby/Gems/1.8/gems/rails-2.0.2/lib/commands/servers/mongrel.rb:64
    /Library/Ruby/Site/1.8/rubygems/custom_require.rb:27:in `gem_original_require'
    /Library/Ruby/Site/1.8/rubygems/custom_require.rb:27:in `require'
    /Library/Ruby/Gems/1.8/gems/activesupport-2.0.2/lib/active_support/dependencies.rb:496:in `require'
    /Library/Ruby/Gems/1.8/gems/activesupport-2.0.2/lib/active_support/dependencies.rb:342:in `new_constants_in'
    /Library/Ruby/Gems/1.8/gems/activesupport-2.0.2/lib/active_support/dependencies.rb:496:in `require'
    /Library/Ruby/Gems/1.8/gems/rails-2.0.2/lib/commands/server.rb:39
    /Library/Ruby/Site/1.8/rubygems/custom_require.rb:27:in `gem_original_require'
    /Library/Ruby/Site/1.8/rubygems/custom_require.rb:27:in `require'
    script/server:3

Rendering /Library/Ruby/Gems/1.8/gems/actionpack-2.0.2/lib/action_controller/templates/rescues/layout.erb (internal_server_error)
  [4;36;1mSQL (0.001017)[0m   [0;1mSET NAMES 'utf8'[0m
  [4;35;1mSQL (0.000199)[0m   [0mSET SQL_AUTO_IS_NULL=0[0m
  [4;36;1mUser Columns (0.000000)[0m   [0;1mMysql::Error: Table 'cashr.users' doesn't exist: SHOW FIELDS FROM `users`[0m
  [4;36;1mSQL (0.000194)[0m   [0;1mSET NAMES 'utf8'[0m
  [4;35;1mSQL (0.000077)[0m   [0mSET SQL_AUTO_IS_NULL=0[0m
  [4;36;1mSQL (0.000000)[0m   [0;1mMysql::Error: Table 'schema_info' already exists: CREATE TABLE `schema_info` (version int(11))[0m
  [4;35;1mSQL (0.000000)[0m   [0mMysql::Error: Table 'schema_info' already exists: CREATE TABLE `schema_info` (version int(11))[0m
  [4;36;1mSQL (0.027726)[0m   [0;1mSELECT version FROM schema_info[0m
  [4;35;1mSQL (0.000222)[0m   [0mSELECT version FROM schema_info[0m
  [4;36;1mSQL (0.000157)[0m   [0;1mSELECT version FROM schema_info[0m
  [4;35;1mSQL (0.000173)[0m   [0mSELECT version FROM schema_info[0m
Migrating to CreateUsers (4)
  [4;36;1mSQL (0.004324)[0m   [0;1mCREATE TABLE users (`id` int(11) DEFAULT NULL auto_increment PRIMARY KEY DEFAULT NULL, `facebook_id` bigint(21) NOT NULL, `session_key` varchar(255) DEFAULT NULL, `created_at` datetime DEFAULT NULL, `updated_at` datetime DEFAULT NULL) ENGINE=InnoDB[0m
  [4;35;1mSQL (0.000555)[0m   [0mUPDATE schema_info SET version = 4[0m
  [4;36;1mSQL (0.000230)[0m   [0;1mSELECT version FROM schema_info[0m
Migrating to CreateVotes (5)
  [4;35;1mSQL (0.003828)[0m   [0mCREATE TABLE votes (`id` int(11) DEFAULT NULL auto_increment PRIMARY KEY DEFAULT NULL, `fb_user_id` bigint(21) DEFAULT NULL, `saying_id` int(4) DEFAULT NULL, `favorite` tinyint(1) DEFAULT 0, `created_at` datetime DEFAULT NULL, `updated_at` datetime DEFAULT NULL) ENGINE=InnoDB[0m
  [4;36;1mSQL (0.000603)[0m   [0;1mUPDATE schema_info SET version = 5[0m
  [4;35;1mSQL (0.000173)[0m   [0mSELECT * FROM schema_info[0m
  [4;36;1mSQL (0.000362)[0m   [0;1mSHOW TABLES[0m
  [4;35;1mSQL (0.001729)[0m   [0mSHOW FIELDS FROM `sayings`[0m
  [4;36;1mSQL (0.002846)[0m   [0;1mdescribe `sayings`[0m
  [4;35;1mSQL (0.000771)[0m   [0mSHOW KEYS FROM `sayings`[0m
  [4;36;1mSQL (0.001779)[0m   [0;1mSHOW FIELDS FROM `sentences`[0m
  [4;35;1mSQL (0.001764)[0m   [0mdescribe `sentences`[0m
  [4;36;1mSQL (0.000944)[0m   [0;1mSHOW KEYS FROM `sentences`[0m
  [4;35;1mSQL (0.001276)[0m   [0mSHOW FIELDS FROM `sessions`[0m
  [4;36;1mSQL (0.001775)[0m   [0;1mdescribe `sessions`[0m
  [4;35;1mSQL (0.000798)[0m   [0mSHOW KEYS FROM `sessions`[0m
  [4;36;1mSQL (0.002108)[0m   [0;1mSHOW FIELDS FROM `users`[0m
  [4;35;1mSQL (0.002351)[0m   [0mdescribe `users`[0m
  [4;36;1mSQL (0.001071)[0m   [0;1mSHOW KEYS FROM `users`[0m
  [4;35;1mSQL (0.001411)[0m   [0mSHOW FIELDS FROM `votes`[0m
  [4;36;1mSQL (0.002008)[0m   [0;1mdescribe `votes`[0m
  [4;35;1mSQL (0.000925)[0m   [0mSHOW KEYS FROM `votes`[0m
  [4;36;1mSQL (0.000336)[0m   [0;1mSET NAMES 'utf8'[0m
  [4;35;1mSQL (0.000093)[0m   [0mSET SQL_AUTO_IS_NULL=0[0m
  [4;36;1mUser Columns (0.002006)[0m   [0;1mSHOW FIELDS FROM `users`[0m
  [4;35;1mSQL (0.000539)[0m   [0mSHOW TABLES[0m
  [4;36;1mSQL (0.000523)[0m   [0;1mSHOW TABLES[0m
  [4;35;1mUser Columns (0.002523)[0m   [0mSHOW FIELDS FROM `users`[0m
  [4;36;1mUser Columns (0.002832)[0m   [0;1mSHOW FIELDS FROM `users`[0m
  [4;35;1mVote Columns (0.003142)[0m   [0mSHOW FIELDS FROM `votes`[0m
  [4;36;1mSQL (0.000610)[0m   [0;1mSHOW TABLES[0m
  [4;35;1mSQL (0.000655)[0m   [0mSHOW TABLES[0m
  [4;36;1mSQL (0.000656)[0m   [0;1mSHOW TABLES[0m
  [4;35;1mSQL (0.000174)[0m   [0mBEGIN[0m
  [4;36;1mVote Load (0.026029)[0m   [0;1mSELECT * FROM `votes` WHERE (votes.saying_id IS NULL AND votes.fb_user_id IS NULL) LIMIT 1[0m
  [4;35;1mVote Load (0.000305)[0m   [0mSELECT * FROM `votes` WHERE (votes.saying_id IS NULL AND votes.fb_user_id IS NULL) LIMIT 1[0m
  [4;36;1mSQL (0.000166)[0m   [0;1mROLLBACK[0m
  [4;35;1mSQL (0.000178)[0m   [0mBEGIN[0m
  [4;36;1mSQL (0.000114)[0m   [0;1mCOMMIT[0m
  [4;35;1mSQL (0.000172)[0m   [0mBEGIN[0m
  [4;36;1mUser Create (0.000000)[0m   [0;1mMysql::Error: Column 'facebook_id' cannot be null: INSERT INTO `users` (`session_key`, `updated_at`, `facebook_id`, `created_at`) VALUES(NULL, '2008-05-21 00:40:12', NULL, '2008-05-21 00:40:12')[0m
  [4;35;1mSQL (0.000107)[0m   [0mROLLBACK[0m
  [4;36;1mSQL (0.000176)[0m   [0;1mBEGIN[0m
  [4;35;1mUser Create (0.000340)[0m   [0mINSERT INTO `users` (`session_key`, `updated_at`, `facebook_id`, `created_at`) VALUES(NULL, '2008-05-21 00:40:25', 1232434, '2008-05-21 00:40:12')[0m
  [4;36;1mSQL (0.001728)[0m   [0;1mCOMMIT[0m
  [4;35;1mSQL (0.000154)[0m   [0mBEGIN[0m
  [4;36;1mVote Load (0.000307)[0m   [0;1mSELECT * FROM `votes` WHERE (votes.saying_id IS NULL AND votes.fb_user_id = 1) LIMIT 1[0m
  [4;35;1mSQL (0.000102)[0m   [0mCOMMIT[0m
  [4;36;1mSQL (0.000150)[0m   [0;1mBEGIN[0m
  [4;35;1mVote Load (0.000303)[0m   [0mSELECT * FROM `votes` WHERE (votes.saying_id IS NULL AND votes.fb_user_id = 1) LIMIT 1[0m
  [4;36;1mSQL (0.000104)[0m   [0;1mCOMMIT[0m
  [4;35;1mSQL (0.000172)[0m   [0mBEGIN[0m
  [4;36;1mVote Load (0.000291)[0m   [0;1mSELECT * FROM `votes` WHERE (votes.saying_id IS NULL AND votes.fb_user_id = 1) LIMIT 1[0m
  [4;35;1mSQL (0.000124)[0m   [0mROLLBACK[0m
  [4;36;1mSaying Load (0.000283)[0m   [0;1mSELECT * FROM `sayings` LIMIT 1[0m
  [4;35;1mSaying Columns (0.002503)[0m   [0mSHOW FIELDS FROM `sayings`[0m
  [4;36;1mSQL (0.000156)[0m   [0;1mBEGIN[0m
  [4;35;1mVote Load (0.000332)[0m   [0mSELECT * FROM `votes` WHERE (votes.saying_id = 33558 AND votes.fb_user_id = 1) LIMIT 1[0m
  [4;36;1mVote Create (0.000282)[0m   [0;1mINSERT INTO `votes` (`updated_at`, `saying_id`, `fb_user_id`, `created_at`, `favorite`) VALUES('2008-05-21 00:41:27', 33558, 1, '2008-05-21 00:41:27', 0)[0m
  [4;35;1mSQL (0.001106)[0m   [0mCOMMIT[0m
DEPRECATION WARNING: config.action_view.cache_template_extensions option has been deprecated and has no affect. Please remove it from your config files.  See http://www.rubyonrails.org/deprecation for details. (called from send at /Library/Ruby/Gems/1.8/gems/rails-2.1.0/lib/initializer.rb:455)
  [4;36;1mSQL (0.029068)[0m   [0;1mSET NAMES 'utf8'[0m
  [4;35;1mSQL (0.000732)[0m   [0mSET SQL_AUTO_IS_NULL=0[0m
  [4;36;1mSQL (0.008988)[0m   [0;1mSHOW TABLES[0m
  [4;35;1mSQL (0.076240)[0m   [0mCREATE TABLE schema_migrations (`version` varchar(255) NOT NULL) ENGINE=InnoDB[0m
  [4;36;1mSQL (0.032491)[0m   [0;1mCREATE UNIQUE INDEX `unique_schema_migrations` ON `schema_migrations` (`version`)[0m
  [4;35;1mSQL (0.000657)[0m   [0mSHOW TABLES[0m
  [4;36;1mSQL (0.064943)[0m   [0;1mSELECT version FROM `schema_info`[0m
  [4;35;1mSQL (0.000877)[0m   [0mSELECT version FROM `schema_migrations`[0m
  [4;36;1mSQL (0.001792)[0m   [0;1mINSERT INTO `schema_migrations` (version) VALUES ('5')[0m
  [4;35;1mSQL (0.000763)[0m   [0mINSERT INTO `schema_migrations` (version) VALUES ('1')[0m
  [4;36;1mSQL (0.000727)[0m   [0;1mINSERT INTO `schema_migrations` (version) VALUES ('2')[0m
  [4;35;1mSQL (0.000759)[0m   [0mINSERT INTO `schema_migrations` (version) VALUES ('3')[0m
  [4;36;1mSQL (0.000727)[0m   [0;1mINSERT INTO `schema_migrations` (version) VALUES ('4')[0m
  [4;35;1mSQL (0.013072)[0m   [0mDROP TABLE `schema_info`[0m
  [4;36;1mSQL (0.000432)[0m   [0;1mSELECT version FROM schema_migrations[0m
  [4;35;1mSQL (0.000327)[0m   [0mSELECT version FROM schema_migrations[0m
  [4;36;1mSQL (0.000454)[0m   [0;1mSHOW TABLES[0m
  [4;35;1mSQL (0.138841)[0m   [0mSHOW FIELDS FROM `sayings`[0m
  [4;36;1mSQL (0.003185)[0m   [0;1mdescribe `sayings`[0m
  [4;35;1mSQL (0.026487)[0m   [0mSHOW KEYS FROM `sayings`[0m
  [4;36;1mSQL (0.036112)[0m   [0;1mSHOW FIELDS FROM `sentences`[0m
  [4;35;1mSQL (0.002248)[0m   [0mdescribe `sentences`[0m
  [4;36;1mSQL (0.001361)[0m   [0;1mSHOW KEYS FROM `sentences`[0m
  [4;35;1mSQL (0.020611)[0m   [0mSHOW FIELDS FROM `sessions`[0m
  [4;36;1mSQL (0.002610)[0m   [0;1mdescribe `sessions`[0m
  [4;35;1mSQL (0.000528)[0m   [0mSHOW KEYS FROM `sessions`[0m
  [4;36;1mSQL (0.075131)[0m   [0;1mSHOW FIELDS FROM `users`[0m
  [4;35;1mSQL (0.002100)[0m   [0mdescribe `users`[0m
  [4;36;1mSQL (0.000469)[0m   [0;1mSHOW KEYS FROM `users`[0m
  [4;35;1mSQL (0.005428)[0m   [0mSHOW FIELDS FROM `votes`[0m
  [4;36;1mSQL (0.001786)[0m   [0;1mdescribe `votes`[0m
  [4;35;1mSQL (0.000623)[0m   [0mSHOW KEYS FROM `votes`[0m
DEPRECATION WARNING: config.action_view.cache_template_extensions option has been deprecated and has no affect. Please remove it from your config files.  See http://www.rubyonrails.org/deprecation for details. (called from send at /Library/Ruby/Gems/1.8/gems/rails-2.1.0/lib/initializer.rb:455)


Processing SayingsController#index (for 127.0.0.1 at 2008-08-08 19:47:01) [GET]
  Session ID: 6912d14042b22529543425667dfa4f54
  Parameters: {"bla"=>:blib, "action"=>"index", "controller"=>"sayings"}
  [4;36;1mSaying Load (0.259929)[0m   [0;1mSELECT * FROM `sayings` WHERE (`sayings`.`language` = 'de') ORDER BY (good * 10) + (bad * -9) + (views * -1) + (spam * -20) + (senseless * -15), RAND() LIMIT 100[0m
  [4;35;1mSaying Columns (0.002684)[0m   [0mSHOW FIELDS FROM `sayings`[0m
  [4;36;1mLeftSentence Columns (0.025564)[0m   [0;1mSHOW FIELDS FROM `sentences`[0m
  [4;35;1mLeftSentence Load (0.001706)[0m   [0mSELECT * FROM `sentences` WHERE (`sentences`.id IN ('78','103','16','60','37','58','81','104','59','82','20','126','83','42','106','128','43','85','107','65','86','129','22','87','110','109','24','45','66','90','67','88','113','70','114','27','50','71','48','92','69','115','30','1','28','72','49','31','29','2','52','94','3','74','95','117','4','96','118','5','76','97','12','98','100','13','6','55','101','122')) [0m
  [4;36;1mRightSentence Columns (0.001676)[0m   [0;1mSHOW FIELDS FROM `sentences`[0m
  [4;35;1mRightSentence Load (0.000710)[0m   [0mSELECT * FROM `sentences` WHERE (`sentences`.id IN ('15','57','78','124','16','58','9','79','104','125','17','38','59','20','18','41','83','105','42','43','64','128','130','129','22','87','110','111','45','67','88','113','47','68','91','89','114','50','27','48','69','28','51','10','31','29','2','74','32','53','95','117','118','5','76','120','119','98','121','13','34','122','14','35','56','7','77')) [0m


NoMethodError (You have a nil object when you didn't expect it!
The error occurred while evaluating nil.friends):
    /app/controllers/sayings_controller.rb:30:in `find_friend'
    /Library/Ruby/Gems/1.8/gems/activesupport-2.1.0/lib/active_support/callbacks.rb:173:in `send'
    /Library/Ruby/Gems/1.8/gems/activesupport-2.1.0/lib/active_support/callbacks.rb:173:in `evaluate_method'
    /Library/Ruby/Gems/1.8/gems/activesupport-2.1.0/lib/active_support/callbacks.rb:161:in `call'
    /Library/Ruby/Gems/1.8/gems/actionpack-2.1.0/lib/action_controller/filters.rb:430:in `call'
    /Library/Ruby/Gems/1.8/gems/actionpack-2.1.0/lib/action_controller/filters.rb:592:in `run_before_filters'
    /Library/Ruby/Gems/1.8/gems/actionpack-2.1.0/lib/action_controller/filters.rb:578:in `call_filters'
    /Library/Ruby/Gems/1.8/gems/actionpack-2.1.0/lib/action_controller/filters.rb:573:in `perform_action_without_benchmark'
    /Library/Ruby/Gems/1.8/gems/actionpack-2.1.0/lib/action_controller/benchmarking.rb:68:in `perform_action_without_rescue'
    /System/Library/Frameworks/Ruby.framework/Versions/1.8/usr/lib/ruby/1.8/benchmark.rb:293:in `measure'
    /Library/Ruby/Gems/1.8/gems/actionpack-2.1.0/lib/action_controller/benchmarking.rb:68:in `perform_action_without_rescue'
    /Library/Ruby/Gems/1.8/gems/actionpack-2.1.0/lib/action_controller/rescue.rb:201:in `perform_action_without_caching'
    /Library/Ruby/Gems/1.8/gems/actionpack-2.1.0/lib/action_controller/caching/sql_cache.rb:13:in `perform_action'
    /Library/Ruby/Gems/1.8/gems/activerecord-2.1.0/lib/active_record/connection_adapters/abstract/query_cache.rb:33:in `cache'
    /Library/Ruby/Gems/1.8/gems/activerecord-2.1.0/lib/active_record/query_cache.rb:8:in `cache'
    /Library/Ruby/Gems/1.8/gems/actionpack-2.1.0/lib/action_controller/caching/sql_cache.rb:12:in `perform_action'
    /Library/Ruby/Gems/1.8/gems/actionpack-2.1.0/lib/action_controller/base.rb:529:in `send'
    /Library/Ruby/Gems/1.8/gems/actionpack-2.1.0/lib/action_controller/base.rb:529:in `process_without_filters'
    /Library/Ruby/Gems/1.8/gems/actionpack-2.1.0/lib/action_controller/filters.rb:569:in `process_without_session_management_support'
    /Library/Ruby/Gems/1.8/gems/actionpack-2.1.0/lib/action_controller/session_management.rb:130:in `process'
    /Library/Ruby/Gems/1.8/gems/actionpack-2.1.0/lib/action_controller/base.rb:389:in `process'
    /Library/Ruby/Gems/1.8/gems/actionpack-2.1.0/lib/action_controller/dispatcher.rb:149:in `handle_request'
    /Library/Ruby/Gems/1.8/gems/actionpack-2.1.0/lib/action_controller/dispatcher.rb:107:in `dispatch'
    /Library/Ruby/Gems/1.8/gems/actionpack-2.1.0/lib/action_controller/dispatcher.rb:104:in `synchronize'
    /Library/Ruby/Gems/1.8/gems/actionpack-2.1.0/lib/action_controller/dispatcher.rb:104:in `dispatch'
    /Library/Ruby/Gems/1.8/gems/actionpack-2.1.0/lib/action_controller/dispatcher.rb:120:in `dispatch_cgi'
    /Library/Ruby/Gems/1.8/gems/actionpack-2.1.0/lib/action_controller/dispatcher.rb:35:in `dispatch'
    /Library/Ruby/Gems/1.8/gems/mongrel-1.1.5/bin/../lib/mongrel/rails.rb:76:in `process'
    /Library/Ruby/Gems/1.8/gems/mongrel-1.1.5/bin/../lib/mongrel/rails.rb:74:in `synchronize'
    /Library/Ruby/Gems/1.8/gems/mongrel-1.1.5/bin/../lib/mongrel/rails.rb:74:in `process'
    /Library/Ruby/Gems/1.8/gems/mongrel-1.1.5/lib/mongrel.rb:159:in `process_client'
    /Library/Ruby/Gems/1.8/gems/mongrel-1.1.5/lib/mongrel.rb:158:in `each'
    /Library/Ruby/Gems/1.8/gems/mongrel-1.1.5/lib/mongrel.rb:158:in `process_client'
    /Library/Ruby/Gems/1.8/gems/mongrel-1.1.5/lib/mongrel.rb:285:in `run'
    /Library/Ruby/Gems/1.8/gems/mongrel-1.1.5/lib/mongrel.rb:285:in `initialize'
    /Library/Ruby/Gems/1.8/gems/mongrel-1.1.5/lib/mongrel.rb:285:in `new'
    /Library/Ruby/Gems/1.8/gems/mongrel-1.1.5/lib/mongrel.rb:285:in `run'
    /Library/Ruby/Gems/1.8/gems/mongrel-1.1.5/lib/mongrel.rb:268:in `initialize'
    /Library/Ruby/Gems/1.8/gems/mongrel-1.1.5/lib/mongrel.rb:268:in `new'
    /Library/Ruby/Gems/1.8/gems/mongrel-1.1.5/lib/mongrel.rb:268:in `run'
    /Library/Ruby/Gems/1.8/gems/mongrel-1.1.5/lib/mongrel/configurator.rb:282:in `run'
    /Library/Ruby/Gems/1.8/gems/mongrel-1.1.5/lib/mongrel/configurator.rb:281:in `each'
    /Library/Ruby/Gems/1.8/gems/mongrel-1.1.5/lib/mongrel/configurator.rb:281:in `run'
    /Library/Ruby/Gems/1.8/gems/mongrel-1.1.5/bin/mongrel_rails:128:in `run'
    /Library/Ruby/Gems/1.8/gems/mongrel-1.1.5/lib/mongrel/command.rb:212:in `run'
    /Library/Ruby/Gems/1.8/gems/mongrel-1.1.5/bin/mongrel_rails:281
    /Library/Ruby/Gems/1.8/gems/activesupport-2.1.0/lib/active_support/dependencies.rb:502:in `load'
    /Library/Ruby/Gems/1.8/gems/activesupport-2.1.0/lib/active_support/dependencies.rb:502:in `load'
    /Library/Ruby/Gems/1.8/gems/activesupport-2.1.0/lib/active_support/dependencies.rb:354:in `new_constants_in'
    /Library/Ruby/Gems/1.8/gems/activesupport-2.1.0/lib/active_support/dependencies.rb:502:in `load'
    /Library/Ruby/Gems/1.8/gems/rails-2.1.0/lib/commands/servers/mongrel.rb:64
    /Library/Ruby/Site/1.8/rubygems/custom_require.rb:27:in `gem_original_require'
    /Library/Ruby/Site/1.8/rubygems/custom_require.rb:27:in `require'
    /Library/Ruby/Gems/1.8/gems/activesupport-2.1.0/lib/active_support/dependencies.rb:509:in `require'
    /Library/Ruby/Gems/1.8/gems/activesupport-2.1.0/lib/active_support/dependencies.rb:354:in `new_constants_in'
    /Library/Ruby/Gems/1.8/gems/activesupport-2.1.0/lib/active_support/dependencies.rb:509:in `require'
    /Library/Ruby/Gems/1.8/gems/rails-2.1.0/lib/commands/server.rb:39
    /Library/Ruby/Site/1.8/rubygems/custom_require.rb:27:in `gem_original_require'
    /Library/Ruby/Site/1.8/rubygems/custom_require.rb:27:in `require'
    script/server:3

Rendering /Library/Ruby/Gems/1.8/gems/actionpack-2.1.0/lib/action_controller/templates/rescues/layout.erb (internal_server_error)
DEPRECATION WARNING: config.action_view.cache_template_extensions option has been deprecated and has no affect. Please remove it from your config files.  See http://www.rubyonrails.org/deprecation for details. (called from send at /Library/Ruby/Gems/1.8/gems/rails-2.1.0/lib/initializer.rb:455)
  [4;36;1mSQL (0.000210)[0m   [0;1mSET NAMES 'utf8'[0m
  [4;35;1mSQL (0.000111)[0m   [0mSET SQL_AUTO_IS_NULL=0[0m
  [4;36;1mSQL (0.000409)[0m   [0;1mSHOW TABLES[0m
  [4;35;1mSQL (0.064875)[0m   [0mSELECT version FROM schema_migrations[0m
  [4;36;1mSQL (0.000339)[0m   [0;1mSELECT version FROM schema_migrations[0m
  [4;35;1mSQL (0.000469)[0m   [0mSHOW TABLES[0m
  [4;36;1mSQL (0.002776)[0m   [0;1mSHOW FIELDS FROM `sayings`[0m
  [4;35;1mSQL (0.002905)[0m   [0mdescribe `sayings`[0m
  [4;36;1mSQL (0.001538)[0m   [0;1mSHOW KEYS FROM `sayings`[0m
  [4;35;1mSQL (0.003621)[0m   [0mSHOW FIELDS FROM `sentences`[0m
  [4;36;1mSQL (0.002146)[0m   [0;1mdescribe `sentences`[0m
  [4;35;1mSQL (0.001650)[0m   [0mSHOW KEYS FROM `sentences`[0m
  [4;36;1mSQL (0.002093)[0m   [0;1mSHOW FIELDS FROM `sessions`[0m
  [4;35;1mSQL (0.001807)[0m   [0mdescribe `sessions`[0m
  [4;36;1mSQL (0.001219)[0m   [0;1mSHOW KEYS FROM `sessions`[0m
  [4;35;1mSQL (0.087895)[0m   [0mSHOW FIELDS FROM `users`[0m
  [4;36;1mSQL (0.002975)[0m   [0;1mdescribe `users`[0m
  [4;35;1mSQL (0.000644)[0m   [0mSHOW KEYS FROM `users`[0m
  [4;36;1mSQL (0.004848)[0m   [0;1mSHOW FIELDS FROM `votes`[0m
  [4;35;1mSQL (0.002256)[0m   [0mdescribe `votes`[0m
  [4;36;1mSQL (0.000607)[0m   [0;1mSHOW KEYS FROM `votes`[0m
  [4;35;1mSQL (0.000158)[0m   [0mSET NAMES 'utf8'[0m
  [4;36;1mSQL (0.000112)[0m   [0;1mSET SQL_AUTO_IS_NULL=0[0m
  [4;35;1mSQL (0.000382)[0m   [0mDROP DATABASE IF EXISTS `test_cashr`[0m
  [4;36;1mSQL (0.000345)[0m   [0;1mCREATE DATABASE `test_cashr` DEFAULT CHARACTER SET `utf8`[0m
  [4;35;1mSQL (0.000122)[0m   [0mSET NAMES 'utf8'[0m
  [4;36;1mSQL (0.000108)[0m   [0;1mSET SQL_AUTO_IS_NULL=0[0m
  [4;35;1mSQL (0.000000)[0m   [0mMysql::Error: Unknown table 'sayings': DROP TABLE `sayings`[0m
  [4;36;1mSQL (0.004438)[0m   [0;1mCREATE TABLE sayings (`id` int(11) DEFAULT NULL auto_increment PRIMARY KEY DEFAULT NULL NULL, `left_sentence_id` int(4) DEFAULT NULL NULL, `right_sentence_id` int(4) DEFAULT NULL NULL, `language` varchar(255) DEFAULT 'de' NULL, `views` int(4) DEFAULT 0 NULL, `good` int(4) DEFAULT 0 NULL, `bad` int(4) DEFAULT 0 NULL, `senseless` int(4) DEFAULT 0 NULL, `spam` int(4) DEFAULT 0 NULL, `created_at` datetime DEFAULT NULL NULL, `updated_at` datetime DEFAULT NULL NULL) ENGINE=InnoDB[0m
  [4;35;1mSQL (0.000000)[0m   [0mMysql::Error: Unknown table 'sentences': DROP TABLE `sentences`[0m
  [4;36;1mSQL (0.002855)[0m   [0;1mCREATE TABLE sentences (`id` int(11) DEFAULT NULL auto_increment PRIMARY KEY DEFAULT NULL NULL, `left` varchar(255) DEFAULT NULL NULL, `right` varchar(255) DEFAULT NULL NULL, `language` varchar(255) DEFAULT NULL NULL, `fb_user_id` int(8) DEFAULT NULL NULL, `created_at` datetime DEFAULT NULL NULL, `updated_at` datetime DEFAULT NULL NULL) ENGINE=InnoDB[0m
  [4;35;1mSQL (0.000000)[0m   [0mMysql::Error: Unknown table 'sessions': DROP TABLE `sessions`[0m
  [4;36;1mSQL (0.002839)[0m   [0;1mCREATE TABLE sessions (`id` int(11) DEFAULT NULL auto_increment PRIMARY KEY DEFAULT NULL NULL, `session_id` varchar(255) DEFAULT '' NOT NULL, `data` text DEFAULT NULL NULL, `created_at` datetime DEFAULT NULL NULL, `updated_at` datetime DEFAULT NULL NULL) ENGINE=InnoDB[0m
  [4;35;1mSQL (0.010728)[0m   [0mCREATE INDEX `index_sessions_on_session_id` ON `sessions` (`session_id`)[0m
  [4;36;1mSQL (0.008214)[0m   [0;1mCREATE INDEX `index_sessions_on_updated_at` ON `sessions` (`updated_at`)[0m
  [4;35;1mSQL (0.000000)[0m   [0mMysql::Error: Unknown table 'users': DROP TABLE `users`[0m
  [4;36;1mSQL (0.003114)[0m   [0;1mCREATE TABLE users (`id` int(11) DEFAULT NULL auto_increment PRIMARY KEY DEFAULT NULL NULL, `facebook_id` int(8) NOT NULL, `session_key` varchar(255) DEFAULT NULL NULL, `created_at` datetime DEFAULT NULL NULL, `updated_at` datetime DEFAULT NULL NULL) ENGINE=InnoDB[0m
  [4;35;1mSQL (0.000000)[0m   [0mMysql::Error: Unknown table 'votes': DROP TABLE `votes`[0m
  [4;36;1mSQL (0.003871)[0m   [0;1mCREATE TABLE votes (`id` int(11) DEFAULT NULL auto_increment PRIMARY KEY DEFAULT NULL NULL, `fb_user_id` int(8) DEFAULT NULL NULL, `saying_id` int(4) DEFAULT NULL NULL, `favorite` tinyint(1) DEFAULT 0 NULL, `created_at` datetime DEFAULT NULL NULL, `updated_at` datetime DEFAULT NULL NULL) ENGINE=InnoDB[0m
  [4;35;1mSQL (0.000511)[0m   [0mSHOW TABLES[0m
  [4;36;1mSQL (0.003259)[0m   [0;1mCREATE TABLE schema_migrations (`version` varchar(255) NOT NULL) ENGINE=InnoDB[0m
  [4;35;1mSQL (0.007552)[0m   [0mCREATE UNIQUE INDEX `unique_schema_migrations` ON `schema_migrations` (`version`)[0m
  [4;36;1mSQL (0.000443)[0m   [0;1mSHOW TABLES[0m
  [4;35;1mSQL (0.000375)[0m   [0mSELECT version FROM `schema_migrations`[0m
  [4;36;1mSQL (0.000712)[0m   [0;1mINSERT INTO `schema_migrations` (version) VALUES ('5')[0m
  [4;35;1mSQL (0.000678)[0m   [0mINSERT INTO `schema_migrations` (version) VALUES ('1')[0m
  [4;36;1mSQL (0.000767)[0m   [0;1mINSERT INTO `schema_migrations` (version) VALUES ('2')[0m
  [4;35;1mSQL (0.000767)[0m   [0mINSERT INTO `schema_migrations` (version) VALUES ('3')[0m
  [4;36;1mSQL (0.000590)[0m   [0;1mINSERT INTO `schema_migrations` (version) VALUES ('4')[0m
DEPRECATION WARNING: config.action_view.cache_template_extensions option has been deprecated and has no affect. Please remove it from your config files.  See http://www.rubyonrails.org/deprecation for details. (called from send at /Library/Ruby/Gems/1.8/gems/rails-2.1.0/lib/initializer.rb:455)
DEPRECATION WARNING: config.action_view.cache_template_extensions option has been deprecated and has no affect. Please remove it from your config files.  See http://www.rubyonrails.org/deprecation for details. (called from send at /Library/Ruby/Gems/1.8/gems/rails-2.1.0/lib/initializer.rb:455)
  [4;36;1mSQL (0.000214)[0m   [0;1mSET NAMES 'utf8'[0m
  [4;35;1mSQL (0.000113)[0m   [0mSET SQL_AUTO_IS_NULL=0[0m
  [4;36;1mSQL (0.000386)[0m   [0;1mSHOW TABLES[0m
  [4;35;1mSQL (0.000322)[0m   [0mSELECT version FROM schema_migrations[0m
  [4;36;1mSQL (0.000152)[0m   [0;1mSELECT version FROM schema_migrations[0m
  [4;35;1mSQL (0.000139)[0m   [0mSELECT version FROM schema_migrations[0m
  [4;36;1mSQL (0.000133)[0m   [0;1mSELECT version FROM schema_migrations[0m
  [4;35;1mSQL (0.000131)[0m   [0mSELECT version FROM schema_migrations[0m
Migrating to CreateSessions (1)
  [4;36;1mSQL (0.000133)[0m   [0;1mSELECT version FROM schema_migrations[0m
Migrating to CreateSentences (2)
  [4;35;1mSQL (0.000131)[0m   [0mSELECT version FROM schema_migrations[0m
Migrating to CreateSayings (3)
  [4;36;1mSQL (0.000132)[0m   [0;1mSELECT version FROM schema_migrations[0m
Migrating to CreateUsers (4)
  [4;35;1mSQL (0.000132)[0m   [0mSELECT version FROM schema_migrations[0m
Migrating to CreateVotes (5)
  [4;36;1mSQL (0.000165)[0m   [0;1mSELECT version FROM schema_migrations[0m
Migrating to AddIndexToSayings (20080808184552)
  [4;35;1mSQL (0.000131)[0m   [0mSELECT version FROM schema_migrations[0m
  [4;36;1mSQL (0.646562)[0m   [0;1mCREATE INDEX `index_sayings_on_left_sentence_id` ON `sayings` (`left_sentence_id`)[0m
  [4;35;1mSQL (1.304509)[0m   [0mCREATE INDEX `index_sayings_on_right_sentence_id` ON `sayings` (`right_sentence_id`)[0m
  [4;36;1mSQL (0.001194)[0m   [0;1mINSERT INTO schema_migrations (version) VALUES ('20080808184552')[0m
  [4;35;1mSQL (0.000302)[0m   [0mSELECT version FROM schema_migrations[0m
  [4;36;1mSQL (0.000433)[0m   [0;1mSHOW TABLES[0m
  [4;35;1mSQL (0.002970)[0m   [0mSHOW FIELDS FROM `sayings`[0m
  [4;36;1mSQL (0.002482)[0m   [0;1mdescribe `sayings`[0m
  [4;35;1mSQL (0.004920)[0m   [0mSHOW KEYS FROM `sayings`[0m
  [4;36;1mSQL (0.002113)[0m   [0;1mSHOW FIELDS FROM `sentences`[0m
  [4;35;1mSQL (0.002688)[0m   [0mdescribe `sentences`[0m
  [4;36;1mSQL (0.000912)[0m   [0;1mSHOW KEYS FROM `sentences`[0m
  [4;35;1mSQL (0.001698)[0m   [0mSHOW FIELDS FROM `sessions`[0m
  [4;36;1mSQL (0.002118)[0m   [0;1mdescribe `sessions`[0m
  [4;35;1mSQL (0.001051)[0m   [0mSHOW KEYS FROM `sessions`[0m
  [4;36;1mSQL (0.002093)[0m   [0;1mSHOW FIELDS FROM `users`[0m
  [4;35;1mSQL (0.002676)[0m   [0mdescribe `users`[0m
  [4;36;1mSQL (0.001435)[0m   [0;1mSHOW KEYS FROM `users`[0m
  [4;35;1mSQL (0.002427)[0m   [0mSHOW FIELDS FROM `votes`[0m
  [4;36;1mSQL (0.001982)[0m   [0;1mdescribe `votes`[0m
  [4;35;1mSQL (0.001466)[0m   [0mSHOW KEYS FROM `votes`[0m


Processing SayingsController#index (for 127.0.0.1 at 2008-08-08 20:53:45) [GET]
  Session ID: 6912d14042b22529543425667dfa4f54
  Parameters: {"bla"=>:blib, "action"=>"index", "controller"=>"sayings"}
  [4;36;1mSaying Load (0.066913)[0m   [0;1mSELECT * FROM `sayings` WHERE (`sayings`.`language` = 'de') ORDER BY (good * 10) + (bad * -9) + (views * -1) + (spam * -20) + (senseless * -15), RAND() LIMIT 100[0m
  [4;35;1mSaying Columns (0.003038)[0m   [0mSHOW FIELDS FROM `sayings`[0m
  [4;36;1mLeftSentence Columns (0.001997)[0m   [0;1mSHOW FIELDS FROM `sentences`[0m
  [4;35;1mLeftSentence Load (0.001081)[0m   [0mSELECT * FROM `sentences` WHERE (`sentences`.id IN ('99','102','15','36','57','124','16','60','81','58','104','40','61','38','59','18','41','105','21','19','42','63','84','106','128','43','64','65','108','109','44','24','66','25','46','90','68','89','50','48','71','69','115','30','28','72','10','29','94','116','74','95','117','4','54','75','118','11','119','5','76','120','33','98','13','101','122','35','56')) [0m
  [4;36;1mRightSentence Columns (0.001958)[0m   [0;1mSHOW FIELDS FROM `sentences`[0m
  [4;35;1mRightSentence Load (0.001149)[0m   [0mSELECT * FROM `sentences` WHERE (`sentences`.id IN ('99','15','8','102','57','103','124','16','58','81','17','40','38','59','126','20','41','39','62','105','127','19','84','106','43','64','128','129','86','108','110','23','44','66','45','112','25','46','90','67','88','26','47','70','89','71','92','69','30','1','51','49','93','52','10','2','29','73','32','53','74','95','117','54','4','96','11','76','120','12','6','7','122','56','77')) [0m


NoMethodError (You have a nil object when you didn't expect it!
The error occurred while evaluating nil.friends):
    /app/controllers/sayings_controller.rb:26:in `find_friend'
    /Library/Ruby/Gems/1.8/gems/activesupport-2.1.0/lib/active_support/callbacks.rb:173:in `send'
    /Library/Ruby/Gems/1.8/gems/activesupport-2.1.0/lib/active_support/callbacks.rb:173:in `evaluate_method'
    /Library/Ruby/Gems/1.8/gems/activesupport-2.1.0/lib/active_support/callbacks.rb:161:in `call'
    /Library/Ruby/Gems/1.8/gems/actionpack-2.1.0/lib/action_controller/filters.rb:430:in `call'
    /Library/Ruby/Gems/1.8/gems/actionpack-2.1.0/lib/action_controller/filters.rb:592:in `run_before_filters'
    /Library/Ruby/Gems/1.8/gems/actionpack-2.1.0/lib/action_controller/filters.rb:578:in `call_filters'
    /Library/Ruby/Gems/1.8/gems/actionpack-2.1.0/lib/action_controller/filters.rb:573:in `perform_action_without_benchmark'
    /Library/Ruby/Gems/1.8/gems/actionpack-2.1.0/lib/action_controller/benchmarking.rb:68:in `perform_action_without_rescue'
    /System/Library/Frameworks/Ruby.framework/Versions/1.8/usr/lib/ruby/1.8/benchmark.rb:293:in `measure'
    /Library/Ruby/Gems/1.8/gems/actionpack-2.1.0/lib/action_controller/benchmarking.rb:68:in `perform_action_without_rescue'
    /Library/Ruby/Gems/1.8/gems/actionpack-2.1.0/lib/action_controller/rescue.rb:201:in `perform_action_without_caching'
    /Library/Ruby/Gems/1.8/gems/actionpack-2.1.0/lib/action_controller/caching/sql_cache.rb:13:in `perform_action'
    /Library/Ruby/Gems/1.8/gems/activerecord-2.1.0/lib/active_record/connection_adapters/abstract/query_cache.rb:33:in `cache'
    /Library/Ruby/Gems/1.8/gems/activerecord-2.1.0/lib/active_record/query_cache.rb:8:in `cache'
    /Library/Ruby/Gems/1.8/gems/actionpack-2.1.0/lib/action_controller/caching/sql_cache.rb:12:in `perform_action'
    /Library/Ruby/Gems/1.8/gems/actionpack-2.1.0/lib/action_controller/base.rb:529:in `send'
    /Library/Ruby/Gems/1.8/gems/actionpack-2.1.0/lib/action_controller/base.rb:529:in `process_without_filters'
    /Library/Ruby/Gems/1.8/gems/actionpack-2.1.0/lib/action_controller/filters.rb:569:in `process_without_session_management_support'
    /Library/Ruby/Gems/1.8/gems/actionpack-2.1.0/lib/action_controller/session_management.rb:130:in `process'
    /Library/Ruby/Gems/1.8/gems/actionpack-2.1.0/lib/action_controller/base.rb:389:in `process'
    /Library/Ruby/Gems/1.8/gems/actionpack-2.1.0/lib/action_controller/dispatcher.rb:149:in `handle_request'
    /Library/Ruby/Gems/1.8/gems/actionpack-2.1.0/lib/action_controller/dispatcher.rb:107:in `dispatch'
    /Library/Ruby/Gems/1.8/gems/actionpack-2.1.0/lib/action_controller/dispatcher.rb:104:in `synchronize'
    /Library/Ruby/Gems/1.8/gems/actionpack-2.1.0/lib/action_controller/dispatcher.rb:104:in `dispatch'
    /Library/Ruby/Gems/1.8/gems/actionpack-2.1.0/lib/action_controller/dispatcher.rb:120:in `dispatch_cgi'
    /Library/Ruby/Gems/1.8/gems/actionpack-2.1.0/lib/action_controller/dispatcher.rb:35:in `dispatch'
    /Library/Ruby/Gems/1.8/gems/mongrel-1.1.5/bin/../lib/mongrel/rails.rb:76:in `process'
    /Library/Ruby/Gems/1.8/gems/mongrel-1.1.5/bin/../lib/mongrel/rails.rb:74:in `synchronize'
    /Library/Ruby/Gems/1.8/gems/mongrel-1.1.5/bin/../lib/mongrel/rails.rb:74:in `process'
    /Library/Ruby/Gems/1.8/gems/mongrel-1.1.5/lib/mongrel.rb:159:in `process_client'
    /Library/Ruby/Gems/1.8/gems/mongrel-1.1.5/lib/mongrel.rb:158:in `each'
    /Library/Ruby/Gems/1.8/gems/mongrel-1.1.5/lib/mongrel.rb:158:in `process_client'
    /Library/Ruby/Gems/1.8/gems/mongrel-1.1.5/lib/mongrel.rb:285:in `run'
    /Library/Ruby/Gems/1.8/gems/mongrel-1.1.5/lib/mongrel.rb:285:in `initialize'
    /Library/Ruby/Gems/1.8/gems/mongrel-1.1.5/lib/mongrel.rb:285:in `new'
    /Library/Ruby/Gems/1.8/gems/mongrel-1.1.5/lib/mongrel.rb:285:in `run'
    /Library/Ruby/Gems/1.8/gems/mongrel-1.1.5/lib/mongrel.rb:268:in `initialize'
    /Library/Ruby/Gems/1.8/gems/mongrel-1.1.5/lib/mongrel.rb:268:in `new'
    /Library/Ruby/Gems/1.8/gems/mongrel-1.1.5/lib/mongrel.rb:268:in `run'
    /Library/Ruby/Gems/1.8/gems/mongrel-1.1.5/lib/mongrel/configurator.rb:282:in `run'
    /Library/Ruby/Gems/1.8/gems/mongrel-1.1.5/lib/mongrel/configurator.rb:281:in `each'
    /Library/Ruby/Gems/1.8/gems/mongrel-1.1.5/lib/mongrel/configurator.rb:281:in `run'
    /Library/Ruby/Gems/1.8/gems/mongrel-1.1.5/bin/mongrel_rails:128:in `run'
    /Library/Ruby/Gems/1.8/gems/mongrel-1.1.5/lib/mongrel/command.rb:212:in `run'
    /Library/Ruby/Gems/1.8/gems/mongrel-1.1.5/bin/mongrel_rails:281
    /Library/Ruby/Gems/1.8/gems/activesupport-2.1.0/lib/active_support/dependencies.rb:502:in `load'
    /Library/Ruby/Gems/1.8/gems/activesupport-2.1.0/lib/active_support/dependencies.rb:502:in `load'
    /Library/Ruby/Gems/1.8/gems/activesupport-2.1.0/lib/active_support/dependencies.rb:354:in `new_constants_in'
    /Library/Ruby/Gems/1.8/gems/activesupport-2.1.0/lib/active_support/dependencies.rb:502:in `load'
    /Library/Ruby/Gems/1.8/gems/rails-2.1.0/lib/commands/servers/mongrel.rb:64
    /Library/Ruby/Site/1.8/rubygems/custom_require.rb:27:in `gem_original_require'
    /Library/Ruby/Site/1.8/rubygems/custom_require.rb:27:in `require'
    /Library/Ruby/Gems/1.8/gems/activesupport-2.1.0/lib/active_support/dependencies.rb:509:in `require'
    /Library/Ruby/Gems/1.8/gems/activesupport-2.1.0/lib/active_support/dependencies.rb:354:in `new_constants_in'
    /Library/Ruby/Gems/1.8/gems/activesupport-2.1.0/lib/active_support/dependencies.rb:509:in `require'
    /Library/Ruby/Gems/1.8/gems/rails-2.1.0/lib/commands/server.rb:39
    /Library/Ruby/Site/1.8/rubygems/custom_require.rb:27:in `gem_original_require'
    /Library/Ruby/Site/1.8/rubygems/custom_require.rb:27:in `require'
    script/server:3

Rendering /Library/Ruby/Gems/1.8/gems/actionpack-2.1.0/lib/action_controller/templates/rescues/layout.erb (internal_server_error)
DEPRECATION WARNING: config.action_view.cache_template_extensions option has been deprecated and has no affect. Please remove it from your config files.  See http://www.rubyonrails.org/deprecation for details. (called from send at /Library/Ruby/Gems/1.8/gems/rails-2.1.0/lib/initializer.rb:455)
DEPRECATION WARNING: protect_from_forgery only takes :only and :except options now. :digest and :secret have no effect. (called from /Users/ted/Sites/rails/phrasr/app/controllers/application_controller.rb:9)
  [4;36;1mSQL (0.6ms)[0m   [0;1mSET NAMES 'utf8'[0m
  [4;35;1mSQL (0.3ms)[0m   [0mSET SQL_AUTO_IS_NULL=0[0m


Processing SayingsController#index (for 127.0.0.1 at 2009-06-15 00:00:44) [GET]
  Parameters: {"bla"=>:blib}
  [4;36;1mSaying Load (600.0ms)[0m   [0;1mSELECT * FROM `sayings` WHERE (`sayings`.`language` = 'de') ORDER BY (bad * -9) + (spam * -20) + (views * -1) + (senseless * -15) + (good * 10), RAND() LIMIT 100[0m
  [4;35;1mSaying Columns (1.9ms)[0m   [0mSHOW FIELDS FROM `sayings`[0m
  [4;36;1mLeftSentence Columns (35.3ms)[0m   [0;1mSHOW FIELDS FROM `sentences`[0m
  [4;35;1mLeftSentence Load (1.2ms)[0m   [0mSELECT * FROM `sentences` WHERE (`sentences`.`id` IN (80,8,57,78,103,16,37,104,40,17,61,59,126,39,62,105,21,42,84,106,127,128,65,86,108,130,129,87,109,23,111,66,25,46,67,90,88,26,70,91,68,71,92,69,115,30,51,29,31,2,116,3,53,74,95,4,54,75,11,119,5,76,120,12,98,13,34,101,56,7)) [0m
  [4;36;1mRightSentence Columns (1.9ms)[0m   [0;1mSHOW FIELDS FROM `sentences`[0m
  [4;35;1mRightSentence Load (1.2ms)[0m   [0mSELECT * FROM `sentences` WHERE (`sentences`.`id` IN (36,80,8,99,16,37,81,9,58,59,104,40,82,126,20,18,39,62,83,21,42,63,84,106,127,43,85,65,129,87,110,109,23,45,24,66,112,25,46,26,70,47,91,89,50,92,69,93,115,51,1,28,10,31,29,94,74,117,54,75,96,118,76,98,100,55,6,122,56,7)) [0m

NoMethodError (You have a nil object when you didn't expect it!
The error occurred while evaluating nil.friends):
  app/controllers/sayings_controller.rb:26:in `find_friend'
  passenger (2.2.2) lib/phusion_passenger/rack/request_handler.rb:81:in `process_request'
  passenger (2.2.2) lib/phusion_passenger/abstract_request_handler.rb:203:in `main_loop'
  passenger (2.2.2) lib/phusion_passenger/railz/application_spawner.rb:340:in `start_request_handler'
  passenger (2.2.2) lib/phusion_passenger/railz/application_spawner.rb:298:in `handle_spawn_application'
  passenger (2.2.2) lib/phusion_passenger/utils.rb:181:in `safe_fork'
  passenger (2.2.2) lib/phusion_passenger/railz/application_spawner.rb:296:in `handle_spawn_application'
  passenger (2.2.2) lib/phusion_passenger/abstract_server.rb:337:in `__send__'
  passenger (2.2.2) lib/phusion_passenger/abstract_server.rb:337:in `main_loop'
  passenger (2.2.2) lib/phusion_passenger/abstract_server.rb:187:in `start_synchronously'
  passenger (2.2.2) lib/phusion_passenger/abstract_server.rb:154:in `start'
  passenger (2.2.2) lib/phusion_passenger/railz/application_spawner.rb:192:in `start'
  passenger (2.2.2) lib/phusion_passenger/spawn_manager.rb:257:in `spawn_rails_application'
  passenger (2.2.2) lib/phusion_passenger/abstract_server_collection.rb:126:in `lookup_or_add'
  passenger (2.2.2) lib/phusion_passenger/spawn_manager.rb:251:in `spawn_rails_application'
  passenger (2.2.2) lib/phusion_passenger/abstract_server_collection.rb:80:in `synchronize'
  passenger (2.2.2) lib/phusion_passenger/abstract_server_collection.rb:79:in `synchronize'
  passenger (2.2.2) lib/phusion_passenger/spawn_manager.rb:250:in `spawn_rails_application'
  passenger (2.2.2) lib/phusion_passenger/spawn_manager.rb:153:in `spawn_application'
  passenger (2.2.2) lib/phusion_passenger/spawn_manager.rb:282:in `handle_spawn_application'
  passenger (2.2.2) lib/phusion_passenger/abstract_server.rb:337:in `__send__'
  passenger (2.2.2) lib/phusion_passenger/abstract_server.rb:337:in `main_loop'
  passenger (2.2.2) lib/phusion_passenger/abstract_server.rb:187:in `start_synchronously'

Rendered rescues/_trace (37.6ms)
Rendered rescues/_request_and_response (1.6ms)
Rendering /Users/ted/Sites/rails/phrasr/vendor/plugins/facebooker/templates/layout.erb (200)
DEPRECATION WARNING: protect_from_forgery only takes :only and :except options now. :digest and :secret have no effect. (called from /Users/ted/Sites/rails/phrasr/app/controllers/application_controller.rb:9)
  [4;36;1mSQL (0.4ms)[0m   [0;1mSET NAMES 'utf8'[0m
  [4;35;1mSQL (18.0ms)[0m   [0mSET SQL_AUTO_IS_NULL=0[0m


Processing SayingsController#index (for 127.0.0.1 at 2009-11-01 20:25:14) [GET]
  Parameters: {"bla"=>:blib}
  [4;36;1mSaying Load (327.1ms)[0m   [0;1mSELECT * FROM `sayings` WHERE (`sayings`.`language` = 'de') ORDER BY (good * 10) + (bad * -9) + (spam * -20) + (senseless * -15) + (views * -1), RAND() LIMIT 100[0m
  [4;35;1mSaying Columns (1.6ms)[0m   [0mSHOW FIELDS FROM `sayings`[0m
  [4;36;1mLeftSentence Columns (26.3ms)[0m   [0;1mSHOW FIELDS FROM `sentences`[0m
  [4;35;1mLeftSentence Load (0.8ms)[0m   [0mSELECT * FROM `sentences` WHERE (`sentences`.`id` IN (78,80,16,37,60,9,81,79,38,61,82,20,18,41,39,62,83,105,21,42,19,84,106,64,85,128,65,129,87,110,109,23,44,111,24,45,112,25,67,90,89,113,70,47,68,50,69,30,1,28,72,52,10,29,73,94,116,32,11,4,75,96,118,76,120,12,98,6,55,122,77)) [0m
  [4;36;1mRightSentence Columns (1.5ms)[0m   [0;1mSHOW FIELDS FROM `sentences`[0m
  [4;35;1mRightSentence Load (0.6ms)[0m   [0mSELECT * FROM `sentences` WHERE (`sentences`.`id` IN (15,8,80,78,99,124,16,58,81,79,104,20,39,83,105,19,42,63,127,85,107,128,22,86,108,87,110,109,23,44,24,45,88,25,90,26,47,68,50,48,71,69,30,51,28,72,2,10,31,29,52,73,94,53,3,74,117,54,118,11,97,119,12,98,100,121,55,6,122,56,77)) [0m

NoMethodError (You have a nil object when you didn't expect it!
The error occurred while evaluating nil.friends):
  app/controllers/sayings_controller.rb:26:in `find_friend'
  passenger (2.2.5) lib/phusion_passenger/rack/request_handler.rb:95:in `process_request'
  passenger (2.2.5) lib/phusion_passenger/abstract_request_handler.rb:207:in `main_loop'
  passenger (2.2.5) lib/phusion_passenger/railz/application_spawner.rb:378:in `start_request_handler'
  passenger (2.2.5) lib/phusion_passenger/railz/application_spawner.rb:336:in `handle_spawn_application'
  passenger (2.2.5) lib/phusion_passenger/utils.rb:183:in `safe_fork'
  passenger (2.2.5) lib/phusion_passenger/railz/application_spawner.rb:334:in `handle_spawn_application'
  passenger (2.2.5) lib/phusion_passenger/abstract_server.rb:352:in `__send__'
  passenger (2.2.5) lib/phusion_passenger/abstract_server.rb:352:in `main_loop'
  passenger (2.2.5) lib/phusion_passenger/abstract_server.rb:196:in `start_synchronously'
  passenger (2.2.5) lib/phusion_passenger/abstract_server.rb:163:in `start'
  passenger (2.2.5) lib/phusion_passenger/railz/application_spawner.rb:213:in `start'
  passenger (2.2.5) lib/phusion_passenger/spawn_manager.rb:262:in `spawn_rails_application'
  passenger (2.2.5) lib/phusion_passenger/abstract_server_collection.rb:126:in `lookup_or_add'
  passenger (2.2.5) lib/phusion_passenger/spawn_manager.rb:256:in `spawn_rails_application'
  passenger (2.2.5) lib/phusion_passenger/abstract_server_collection.rb:80:in `synchronize'
  passenger (2.2.5) lib/phusion_passenger/abstract_server_collection.rb:79:in `synchronize'
  passenger (2.2.5) lib/phusion_passenger/spawn_manager.rb:255:in `spawn_rails_application'
  passenger (2.2.5) lib/phusion_passenger/spawn_manager.rb:154:in `spawn_application'
  passenger (2.2.5) lib/phusion_passenger/spawn_manager.rb:287:in `handle_spawn_application'
  passenger (2.2.5) lib/phusion_passenger/abstract_server.rb:352:in `__send__'
  passenger (2.2.5) lib/phusion_passenger/abstract_server.rb:352:in `main_loop'
  passenger (2.2.5) lib/phusion_passenger/abstract_server.rb:196:in `start_synchronously'

Rendered rescues/_trace (37.2ms)
Rendered rescues/_request_and_response (1.3ms)
Rendering /Users/ted/Sites/rails/phrasr/vendor/plugins/facebooker/templates/layout.erb (200)
